{"C:\\quant_sentinel\\frontend\\src\\api\\client.ts": {"path":"C:\\quant_sentinel\\frontend\\src\\api\\client.ts","statementMap":{"0":{"start":{"line":12,"column":22},"end":{"line":12,"column":null}},"1":{"start":{"line":20,"column":23},"end":{"line":67,"column":null}},"2":{"start":{"line":33,"column":4},"end":{"line":33,"column":null}},"3":{"start":{"line":34,"column":4},"end":{"line":34,"column":null}},"4":{"start":{"line":35,"column":4},"end":{"line":35,"column":null}},"5":{"start":{"line":39,"column":4},"end":{"line":39,"column":null}},"6":{"start":{"line":40,"column":4},"end":{"line":40,"column":null}},"7":{"start":{"line":41,"column":4},"end":{"line":42,"column":null}},"8":{"start":{"line":42,"column":6},"end":{"line":42,"column":null}},"9":{"start":{"line":48,"column":4},"end":{"line":48,"column":null}},"10":{"start":{"line":48,"column":33},"end":{"line":48,"column":null}},"11":{"start":{"line":49,"column":4},"end":{"line":55,"column":null}},"12":{"start":{"line":51,"column":6},"end":{"line":53,"column":null}},"13":{"start":{"line":52,"column":8},"end":{"line":52,"column":null}},"14":{"start":{"line":53,"column":8},"end":{"line":53,"column":null}},"15":{"start":{"line":55,"column":6},"end":{"line":55,"column":null}},"16":{"start":{"line":58,"column":4},"end":{"line":58,"column":null}},"17":{"start":{"line":63,"column":4},"end":{"line":63,"column":null}},"18":{"start":{"line":63,"column":31},"end":{"line":63,"column":null}},"19":{"start":{"line":64,"column":4},"end":{"line":64,"column":null}},"20":{"start":{"line":65,"column":4},"end":{"line":65,"column":null}},"21":{"start":{"line":71,"column":2},"end":{"line":71,"column":null}},"22":{"start":{"line":74,"column":15},"end":{"line":80,"column":2}},"23":{"start":{"line":83,"column":18},"end":{"line":83,"column":68}},"24":{"start":{"line":86,"column":25},"end":{"line":86,"column":66}},"25":{"start":{"line":88,"column":0},"end":{"line":104,"column":null}},"26":{"start":{"line":90,"column":2},"end":{"line":92,"column":null}},"27":{"start":{"line":91,"column":16},"end":{"line":91,"column":78}},"28":{"start":{"line":92,"column":4},"end":{"line":92,"column":null}},"29":{"start":{"line":95,"column":2},"end":{"line":100,"column":null}},"30":{"start":{"line":96,"column":16},"end":{"line":96,"column":null}},"31":{"start":{"line":97,"column":19},"end":{"line":97,"column":37}},"32":{"start":{"line":98,"column":4},"end":{"line":100,"column":null}},"33":{"start":{"line":99,"column":6},"end":{"line":99,"column":null}},"34":{"start":{"line":100,"column":6},"end":{"line":100,"column":null}},"35":{"start":{"line":103,"column":2},"end":{"line":103,"column":null}},"36":{"start":{"line":106,"column":0},"end":{"line":171,"column":null}},"37":{"start":{"line":109,"column":4},"end":{"line":109,"column":null}},"38":{"start":{"line":112,"column":17},"end":{"line":112,"column":null}},"39":{"start":{"line":113,"column":4},"end":{"line":115,"column":null}},"40":{"start":{"line":114,"column":18},"end":{"line":114,"column":null}},"41":{"start":{"line":115,"column":6},"end":{"line":115,"column":null}},"42":{"start":{"line":117,"column":4},"end":{"line":117,"column":null}},"43":{"start":{"line":121,"column":4},"end":{"line":126,"column":null}},"44":{"start":{"line":122,"column":6},"end":{"line":122,"column":null}},"45":{"start":{"line":123,"column":18},"end":{"line":123,"column":null}},"46":{"start":{"line":124,"column":21},"end":{"line":124,"column":39}},"47":{"start":{"line":125,"column":6},"end":{"line":126,"column":null}},"48":{"start":{"line":126,"column":8},"end":{"line":126,"column":null}},"49":{"start":{"line":130,"column":22},"end":{"line":130,"column":null}},"50":{"start":{"line":131,"column":4},"end":{"line":131,"column":null}},"51":{"start":{"line":131,"column":18},"end":{"line":131,"column":null}},"52":{"start":{"line":134,"column":26},"end":{"line":134,"column":null}},"53":{"start":{"line":135,"column":4},"end":{"line":135,"column":null}},"54":{"start":{"line":135,"column":47},"end":{"line":135,"column":null}},"55":{"start":{"line":141,"column":19},"end":{"line":141,"column":null}},"56":{"start":{"line":142,"column":31},"end":{"line":142,"column":null}},"57":{"start":{"line":143,"column":29},"end":{"line":144,"column":72}},"58":{"start":{"line":145,"column":4},"end":{"line":146,"column":null}},"59":{"start":{"line":146,"column":6},"end":{"line":146,"column":null}},"60":{"start":{"line":152,"column":4},"end":{"line":162,"column":null}},"61":{"start":{"line":160,"column":26},"end":{"line":160,"column":null}},"62":{"start":{"line":161,"column":6},"end":{"line":161,"column":null}},"63":{"start":{"line":161,"column":35},"end":{"line":161,"column":60}},"64":{"start":{"line":162,"column":6},"end":{"line":162,"column":null}},"65":{"start":{"line":166,"column":4},"end":{"line":167,"column":null}},"66":{"start":{"line":167,"column":6},"end":{"line":167,"column":null}},"67":{"start":{"line":169,"column":4},"end":{"line":169,"column":null}},"68":{"start":{"line":174,"column":20},"end":{"line":174,"column":43}},"69":{"start":{"line":175,"column":0},"end":{"line":183,"column":null}},"70":{"start":{"line":176,"column":17},"end":{"line":176,"column":30}},"71":{"start":{"line":177,"column":14},"end":{"line":177,"column":null}},"72":{"start":{"line":178,"column":19},"end":{"line":178,"column":44}},"73":{"start":{"line":179,"column":2},"end":{"line":179,"column":null}},"74":{"start":{"line":179,"column":16},"end":{"line":179,"column":null}},"75":{"start":{"line":180,"column":18},"end":{"line":180,"column":41}},"76":{"start":{"line":181,"column":2},"end":{"line":181,"column":null}},"77":{"start":{"line":182,"column":2},"end":{"line":182,"column":null}},"78":{"start":{"line":182,"column":29},"end":{"line":182,"column":57}},"79":{"start":{"line":183,"column":2},"end":{"line":183,"column":null}},"80":{"start":{"line":187,"column":25},"end":{"line":230,"column":null}},"81":{"start":{"line":189,"column":21},"end":{"line":192,"column":6}},"82":{"start":{"line":193,"column":4},"end":{"line":193,"column":null}},"83":{"start":{"line":197,"column":21},"end":{"line":200,"column":6}},"84":{"start":{"line":201,"column":4},"end":{"line":201,"column":null}},"85":{"start":{"line":205,"column":21},"end":{"line":208,"column":6}},"86":{"start":{"line":209,"column":4},"end":{"line":209,"column":null}},"87":{"start":{"line":213,"column":21},"end":{"line":213,"column":55}},"88":{"start":{"line":214,"column":4},"end":{"line":214,"column":null}},"89":{"start":{"line":219,"column":21},"end":{"line":227,"column":6}},"90":{"start":{"line":228,"column":4},"end":{"line":228,"column":null}},"91":{"start":{"line":233,"column":26},"end":{"line":274,"column":null}},"92":{"start":{"line":235,"column":21},"end":{"line":235,"column":65}},"93":{"start":{"line":236,"column":4},"end":{"line":236,"column":null}},"94":{"start":{"line":240,"column":21},"end":{"line":242,"column":6}},"95":{"start":{"line":243,"column":4},"end":{"line":243,"column":null}},"96":{"start":{"line":248,"column":21},"end":{"line":261,"column":49}},"97":{"start":{"line":262,"column":4},"end":{"line":262,"column":null}},"98":{"start":{"line":266,"column":21},"end":{"line":266,"column":59}},"99":{"start":{"line":267,"column":4},"end":{"line":267,"column":null}},"100":{"start":{"line":271,"column":21},"end":{"line":271,"column":122}},"101":{"start":{"line":272,"column":4},"end":{"line":272,"column":null}},"102":{"start":{"line":277,"column":28},"end":{"line":311,"column":null}},"103":{"start":{"line":279,"column":21},"end":{"line":279,"column":69}},"104":{"start":{"line":280,"column":4},"end":{"line":280,"column":null}},"105":{"start":{"line":284,"column":21},"end":{"line":284,"column":59}},"106":{"start":{"line":285,"column":4},"end":{"line":285,"column":null}},"107":{"start":{"line":289,"column":21},"end":{"line":289,"column":59}},"108":{"start":{"line":290,"column":4},"end":{"line":290,"column":null}},"109":{"start":{"line":294,"column":21},"end":{"line":297,"column":6}},"110":{"start":{"line":298,"column":4},"end":{"line":298,"column":null}},"111":{"start":{"line":302,"column":21},"end":{"line":302,"column":69}},"112":{"start":{"line":303,"column":4},"end":{"line":303,"column":null}},"113":{"start":{"line":308,"column":21},"end":{"line":308,"column":64}},"114":{"start":{"line":309,"column":4},"end":{"line":309,"column":null}},"115":{"start":{"line":314,"column":25},"end":{"line":334,"column":null}},"116":{"start":{"line":316,"column":21},"end":{"line":316,"column":70}},"117":{"start":{"line":317,"column":4},"end":{"line":317,"column":null}},"118":{"start":{"line":321,"column":21},"end":{"line":321,"column":57}},"119":{"start":{"line":322,"column":4},"end":{"line":322,"column":null}},"120":{"start":{"line":326,"column":21},"end":{"line":326,"column":53}},"121":{"start":{"line":327,"column":4},"end":{"line":327,"column":null}},"122":{"start":{"line":331,"column":21},"end":{"line":331,"column":56}},"123":{"start":{"line":332,"column":4},"end":{"line":332,"column":null}},"124":{"start":{"line":337,"column":27},"end":{"line":355,"column":null}},"125":{"start":{"line":339,"column":21},"end":{"line":342,"column":6}},"126":{"start":{"line":343,"column":4},"end":{"line":343,"column":null}},"127":{"start":{"line":347,"column":21},"end":{"line":347,"column":73}},"128":{"start":{"line":348,"column":4},"end":{"line":348,"column":null}},"129":{"start":{"line":352,"column":21},"end":{"line":352,"column":56}},"130":{"start":{"line":353,"column":4},"end":{"line":353,"column":null}},"131":{"start":{"line":358,"column":25},"end":{"line":363,"column":null}},"132":{"start":{"line":360,"column":21},"end":{"line":360,"column":48}},"133":{"start":{"line":361,"column":4},"end":{"line":361,"column":null}},"134":{"start":{"line":366,"column":27},"end":{"line":431,"column":null}},"135":{"start":{"line":368,"column":21},"end":{"line":371,"column":6}},"136":{"start":{"line":372,"column":4},"end":{"line":372,"column":null}},"137":{"start":{"line":376,"column":21},"end":{"line":376,"column":56}},"138":{"start":{"line":377,"column":4},"end":{"line":377,"column":null}},"139":{"start":{"line":381,"column":21},"end":{"line":383,"column":6}},"140":{"start":{"line":384,"column":4},"end":{"line":384,"column":null}},"141":{"start":{"line":389,"column":21},"end":{"line":398,"column":34}},"142":{"start":{"line":399,"column":4},"end":{"line":399,"column":null}},"143":{"start":{"line":404,"column":21},"end":{"line":409,"column":27}},"144":{"start":{"line":410,"column":4},"end":{"line":410,"column":null}},"145":{"start":{"line":415,"column":21},"end":{"line":428,"column":32}},"146":{"start":{"line":429,"column":4},"end":{"line":429,"column":null}},"147":{"start":{"line":434,"column":24},"end":{"line":476,"column":null}},"148":{"start":{"line":440,"column":21},"end":{"line":445,"column":76}},"149":{"start":{"line":446,"column":4},"end":{"line":446,"column":null}},"150":{"start":{"line":451,"column":21},"end":{"line":451,"column":78}},"151":{"start":{"line":452,"column":4},"end":{"line":452,"column":null}},"152":{"start":{"line":457,"column":21},"end":{"line":461,"column":58}},"153":{"start":{"line":462,"column":4},"end":{"line":462,"column":null}},"154":{"start":{"line":467,"column":21},"end":{"line":467,"column":52}},"155":{"start":{"line":468,"column":4},"end":{"line":468,"column":null}},"156":{"start":{"line":473,"column":21},"end":{"line":473,"column":54}},"157":{"start":{"line":474,"column":4},"end":{"line":474,"column":null}},"158":{"start":{"line":479,"column":25},"end":{"line":530,"column":null}},"159":{"start":{"line":482,"column":21},"end":{"line":485,"column":6}},"160":{"start":{"line":486,"column":4},"end":{"line":486,"column":null}},"161":{"start":{"line":491,"column":21},"end":{"line":494,"column":6}},"162":{"start":{"line":495,"column":4},"end":{"line":495,"column":null}},"163":{"start":{"line":500,"column":21},"end":{"line":502,"column":6}},"164":{"start":{"line":503,"column":4},"end":{"line":503,"column":null}},"165":{"start":{"line":508,"column":21},"end":{"line":527,"column":57}},"166":{"start":{"line":528,"column":4},"end":{"line":528,"column":null}},"167":{"start":{"line":533,"column":31},"end":{"line":545,"column":null}},"168":{"start":{"line":536,"column":21},"end":{"line":542,"column":25}},"169":{"start":{"line":543,"column":4},"end":{"line":543,"column":null}},"170":{"start":{"line":548,"column":23},"end":{"line":584,"column":null}},"171":{"start":{"line":551,"column":21},"end":{"line":571,"column":24}},"172":{"start":{"line":572,"column":4},"end":{"line":572,"column":null}},"173":{"start":{"line":577,"column":21},"end":{"line":581,"column":29}},"174":{"start":{"line":582,"column":4},"end":{"line":582,"column":null}},"175":{"start":{"line":587,"column":27},"end":{"line":617,"column":null}},"176":{"start":{"line":596,"column":21},"end":{"line":614,"column":6}},"177":{"start":{"line":615,"column":4},"end":{"line":615,"column":null}},"178":{"start":{"line":620,"column":23},"end":{"line":653,"column":null}},"179":{"start":{"line":623,"column":21},"end":{"line":634,"column":22}},"180":{"start":{"line":635,"column":4},"end":{"line":635,"column":null}},"181":{"start":{"line":640,"column":21},"end":{"line":641,"column":null}},"182":{"start":{"line":643,"column":4},"end":{"line":643,"column":null}},"183":{"start":{"line":648,"column":21},"end":{"line":649,"column":null}},"184":{"start":{"line":651,"column":4},"end":{"line":651,"column":null}}},"fnMap":{"0":{"name":"(anonymous_0)","decl":{"start":{"line":32,"column":2},"end":{"line":32,"column":18}},"loc":{"start":{"line":32,"column":18},"end":{"line":35,"column":null}},"line":32},"1":{"name":"(anonymous_1)","decl":{"start":{"line":38,"column":2},"end":{"line":38,"column":18}},"loc":{"start":{"line":38,"column":18},"end":{"line":42,"column":null}},"line":38},"2":{"name":"(anonymous_2)","decl":{"start":{"line":47,"column":2},"end":{"line":47,"column":24}},"loc":{"start":{"line":47,"column":24},"end":{"line":58,"column":null}},"line":47},"3":{"name":"(anonymous_3)","decl":{"start":{"line":62,"column":2},"end":{"line":62,"column":31}},"loc":{"start":{"line":62,"column":31},"end":{"line":65,"column":null}},"line":62},"4":{"name":"isCircuitOpen","decl":{"start":{"line":70,"column":16},"end":{"line":70,"column":41}},"loc":{"start":{"line":70,"column":41},"end":{"line":71,"column":null}},"line":70},"5":{"name":"(anonymous_5)","decl":{"start":{"line":88,"column":28},"end":{"line":88,"column":33}},"loc":{"start":{"line":88,"column":44},"end":{"line":104,"column":null}},"line":88},"6":{"name":"(anonymous_6)","decl":{"start":{"line":106,"column":29},"end":{"line":106,"column":null}},"loc":{"start":{"line":107,"column":16},"end":{"line":119,"column":9}},"line":107},"7":{"name":"(anonymous_7)","decl":{"start":{"line":119,"column":2},"end":{"line":119,"column":9}},"loc":{"start":{"line":119,"column":31},"end":{"line":171,"column":null}},"line":119},"8":{"name":"(anonymous_8)","decl":{"start":{"line":161,"column":16},"end":{"line":161,"column":24}},"loc":{"start":{"line":161,"column":35},"end":{"line":161,"column":60}},"line":161},"9":{"name":"dedupGet","decl":{"start":{"line":175,"column":22},"end":{"line":175,"column":40}},"loc":{"start":{"line":175,"column":108},"end":{"line":183,"column":null}},"line":175},"10":{"name":"(anonymous_10)","decl":{"start":{"line":182,"column":15},"end":{"line":182,"column":29}},"loc":{"start":{"line":182,"column":29},"end":{"line":182,"column":57}},"line":182},"11":{"name":"(anonymous_11)","decl":{"start":{"line":188,"column":14},"end":{"line":188,"column":21}},"loc":{"start":{"line":188,"column":99},"end":{"line":193,"column":null}},"line":188},"12":{"name":"(anonymous_12)","decl":{"start":{"line":196,"column":13},"end":{"line":196,"column":20}},"loc":{"start":{"line":196,"column":51},"end":{"line":201,"column":null}},"line":196},"13":{"name":"(anonymous_13)","decl":{"start":{"line":204,"column":17},"end":{"line":204,"column":24}},"loc":{"start":{"line":204,"column":81},"end":{"line":209,"column":null}},"line":204},"14":{"name":"(anonymous_14)","decl":{"start":{"line":212,"column":13},"end":{"line":212,"column":25}},"loc":{"start":{"line":212,"column":25},"end":{"line":214,"column":null}},"line":212},"15":{"name":"(anonymous_15)","decl":{"start":{"line":218,"column":20},"end":{"line":218,"column":27}},"loc":{"start":{"line":218,"column":105},"end":{"line":228,"column":null}},"line":218},"16":{"name":"(anonymous_16)","decl":{"start":{"line":234,"column":14},"end":{"line":234,"column":26}},"loc":{"start":{"line":234,"column":26},"end":{"line":236,"column":null}},"line":234},"17":{"name":"(anonymous_17)","decl":{"start":{"line":239,"column":14},"end":{"line":239,"column":21}},"loc":{"start":{"line":239,"column":44},"end":{"line":243,"column":null}},"line":239},"18":{"name":"(anonymous_18)","decl":{"start":{"line":247,"column":21},"end":{"line":247,"column":28}},"loc":{"start":{"line":247,"column":51},"end":{"line":262,"column":null}},"line":247},"19":{"name":"(anonymous_19)","decl":{"start":{"line":265,"column":16},"end":{"line":265,"column":28}},"loc":{"start":{"line":265,"column":28},"end":{"line":267,"column":null}},"line":265},"20":{"name":"(anonymous_20)","decl":{"start":{"line":270,"column":12},"end":{"line":270,"column":24}},"loc":{"start":{"line":270,"column":24},"end":{"line":272,"column":null}},"line":270},"21":{"name":"(anonymous_21)","decl":{"start":{"line":278,"column":13},"end":{"line":278,"column":25}},"loc":{"start":{"line":278,"column":25},"end":{"line":280,"column":null}},"line":278},"22":{"name":"(anonymous_22)","decl":{"start":{"line":283,"column":14},"end":{"line":283,"column":26}},"loc":{"start":{"line":283,"column":26},"end":{"line":285,"column":null}},"line":283},"23":{"name":"(anonymous_23)","decl":{"start":{"line":288,"column":14},"end":{"line":288,"column":26}},"loc":{"start":{"line":288,"column":26},"end":{"line":290,"column":null}},"line":288},"24":{"name":"(anonymous_24)","decl":{"start":{"line":293,"column":17},"end":{"line":293,"column":24}},"loc":{"start":{"line":293,"column":70},"end":{"line":298,"column":null}},"line":293},"25":{"name":"(anonymous_25)","decl":{"start":{"line":301,"column":12},"end":{"line":301,"column":19}},"loc":{"start":{"line":301,"column":125},"end":{"line":303,"column":null}},"line":301},"26":{"name":"(anonymous_26)","decl":{"start":{"line":307,"column":14},"end":{"line":307,"column":26}},"loc":{"start":{"line":307,"column":26},"end":{"line":309,"column":null}},"line":307},"27":{"name":"(anonymous_27)","decl":{"start":{"line":315,"column":12},"end":{"line":315,"column":24}},"loc":{"start":{"line":315,"column":24},"end":{"line":317,"column":null}},"line":315},"28":{"name":"(anonymous_28)","decl":{"start":{"line":320,"column":14},"end":{"line":320,"column":26}},"loc":{"start":{"line":320,"column":26},"end":{"line":322,"column":null}},"line":320},"29":{"name":"(anonymous_29)","decl":{"start":{"line":325,"column":11},"end":{"line":325,"column":23}},"loc":{"start":{"line":325,"column":23},"end":{"line":327,"column":null}},"line":325},"30":{"name":"(anonymous_30)","decl":{"start":{"line":330,"column":14},"end":{"line":330,"column":26}},"loc":{"start":{"line":330,"column":26},"end":{"line":332,"column":null}},"line":330},"31":{"name":"(anonymous_31)","decl":{"start":{"line":338,"column":9},"end":{"line":338,"column":16}},"loc":{"start":{"line":338,"column":70},"end":{"line":343,"column":null}},"line":338},"32":{"name":"(anonymous_32)","decl":{"start":{"line":346,"column":13},"end":{"line":346,"column":25}},"loc":{"start":{"line":346,"column":25},"end":{"line":348,"column":null}},"line":346},"33":{"name":"(anonymous_33)","decl":{"start":{"line":351,"column":8},"end":{"line":351,"column":20}},"loc":{"start":{"line":351,"column":20},"end":{"line":353,"column":null}},"line":351},"34":{"name":"(anonymous_34)","decl":{"start":{"line":359,"column":9},"end":{"line":359,"column":21}},"loc":{"start":{"line":359,"column":21},"end":{"line":363,"column":null}},"line":359},"35":{"name":"(anonymous_35)","decl":{"start":{"line":367,"column":15},"end":{"line":367,"column":22}},"loc":{"start":{"line":367,"column":69},"end":{"line":372,"column":null}},"line":367},"36":{"name":"(anonymous_36)","decl":{"start":{"line":375,"column":12},"end":{"line":375,"column":24}},"loc":{"start":{"line":375,"column":24},"end":{"line":377,"column":null}},"line":375},"37":{"name":"(anonymous_37)","decl":{"start":{"line":380,"column":19},"end":{"line":380,"column":26}},"loc":{"start":{"line":380,"column":49},"end":{"line":384,"column":null}},"line":380},"38":{"name":"(anonymous_38)","decl":{"start":{"line":388,"column":20},"end":{"line":388,"column":32}},"loc":{"start":{"line":388,"column":32},"end":{"line":399,"column":null}},"line":388},"39":{"name":"(anonymous_39)","decl":{"start":{"line":403,"column":14},"end":{"line":403,"column":26}},"loc":{"start":{"line":403,"column":26},"end":{"line":410,"column":null}},"line":403},"40":{"name":"(anonymous_40)","decl":{"start":{"line":414,"column":18},"end":{"line":414,"column":30}},"loc":{"start":{"line":414,"column":30},"end":{"line":429,"column":null}},"line":414},"41":{"name":"(anonymous_41)","decl":{"start":{"line":439,"column":8},"end":{"line":439,"column":15}},"loc":{"start":{"line":439,"column":54},"end":{"line":446,"column":null}},"line":439},"42":{"name":"(anonymous_42)","decl":{"start":{"line":450,"column":16},"end":{"line":450,"column":28}},"loc":{"start":{"line":450,"column":28},"end":{"line":452,"column":null}},"line":450},"43":{"name":"(anonymous_43)","decl":{"start":{"line":456,"column":20},"end":{"line":456,"column":27}},"loc":{"start":{"line":456,"column":68},"end":{"line":462,"column":null}},"line":456},"44":{"name":"(anonymous_44)","decl":{"start":{"line":466,"column":11},"end":{"line":466,"column":23}},"loc":{"start":{"line":466,"column":23},"end":{"line":468,"column":null}},"line":466},"45":{"name":"(anonymous_45)","decl":{"start":{"line":472,"column":13},"end":{"line":472,"column":25}},"loc":{"start":{"line":472,"column":25},"end":{"line":474,"column":null}},"line":472},"46":{"name":"(anonymous_46)","decl":{"start":{"line":481,"column":18},"end":{"line":481,"column":25}},"loc":{"start":{"line":481,"column":84},"end":{"line":486,"column":null}},"line":481},"47":{"name":"(anonymous_47)","decl":{"start":{"line":490,"column":18},"end":{"line":490,"column":25}},"loc":{"start":{"line":490,"column":60},"end":{"line":495,"column":null}},"line":490},"48":{"name":"(anonymous_48)","decl":{"start":{"line":499,"column":18},"end":{"line":499,"column":25}},"loc":{"start":{"line":499,"column":43},"end":{"line":503,"column":null}},"line":499},"49":{"name":"(anonymous_49)","decl":{"start":{"line":507,"column":23},"end":{"line":507,"column":30}},"loc":{"start":{"line":507,"column":52},"end":{"line":528,"column":null}},"line":507},"50":{"name":"(anonymous_50)","decl":{"start":{"line":535,"column":14},"end":{"line":535,"column":26}},"loc":{"start":{"line":535,"column":26},"end":{"line":545,"column":null}},"line":535},"51":{"name":"(anonymous_51)","decl":{"start":{"line":550,"column":11},"end":{"line":550,"column":23}},"loc":{"start":{"line":550,"column":23},"end":{"line":572,"column":null}},"line":550},"52":{"name":"(anonymous_52)","decl":{"start":{"line":576,"column":16},"end":{"line":576,"column":28}},"loc":{"start":{"line":576,"column":28},"end":{"line":582,"column":null}},"line":576},"53":{"name":"(anonymous_53)","decl":{"start":{"line":589,"column":7},"end":{"line":589,"column":14}},"loc":{"start":{"line":595,"column":13},"end":{"line":617,"column":null}},"line":595},"54":{"name":"(anonymous_54)","decl":{"start":{"line":622,"column":13},"end":{"line":622,"column":25}},"loc":{"start":{"line":622,"column":25},"end":{"line":635,"column":null}},"line":622},"55":{"name":"(anonymous_55)","decl":{"start":{"line":639,"column":8},"end":{"line":639,"column":15}},"loc":{"start":{"line":639,"column":57},"end":{"line":643,"column":null}},"line":639},"56":{"name":"(anonymous_56)","decl":{"start":{"line":647,"column":10},"end":{"line":647,"column":22}},"loc":{"start":{"line":647,"column":22},"end":{"line":651,"column":null}},"line":647}},"branchMap":{"0":{"loc":{"start":{"line":12,"column":22},"end":{"line":12,"column":null}},"type":"binary-expr","locations":[{"start":{"line":12,"column":22},"end":{"line":12,"column":77}},{"start":{"line":12,"column":77},"end":{"line":12,"column":null}}],"line":12},"1":{"loc":{"start":{"line":41,"column":4},"end":{"line":42,"column":null}},"type":"if","locations":[{"start":{"line":41,"column":4},"end":{"line":42,"column":null}},{"start":{},"end":{}}],"line":41},"2":{"loc":{"start":{"line":48,"column":4},"end":{"line":48,"column":null}},"type":"if","locations":[{"start":{"line":48,"column":4},"end":{"line":48,"column":null}},{"start":{},"end":{}}],"line":48},"3":{"loc":{"start":{"line":49,"column":4},"end":{"line":55,"column":null}},"type":"if","locations":[{"start":{"line":49,"column":4},"end":{"line":55,"column":null}},{"start":{},"end":{}}],"line":49},"4":{"loc":{"start":{"line":51,"column":6},"end":{"line":53,"column":null}},"type":"if","locations":[{"start":{"line":51,"column":6},"end":{"line":53,"column":null}},{"start":{},"end":{}}],"line":51},"5":{"loc":{"start":{"line":63,"column":4},"end":{"line":63,"column":null}},"type":"if","locations":[{"start":{"line":63,"column":4},"end":{"line":63,"column":null}},{"start":{},"end":{}}],"line":63},"6":{"loc":{"start":{"line":90,"column":2},"end":{"line":92,"column":null}},"type":"if","locations":[{"start":{"line":90,"column":2},"end":{"line":92,"column":null}},{"start":{},"end":{}}],"line":90},"7":{"loc":{"start":{"line":95,"column":2},"end":{"line":100,"column":null}},"type":"if","locations":[{"start":{"line":95,"column":2},"end":{"line":100,"column":null}},{"start":{},"end":{}}],"line":95},"8":{"loc":{"start":{"line":96,"column":19},"end":{"line":96,"column":42}},"type":"binary-expr","locations":[{"start":{"line":96,"column":19},"end":{"line":96,"column":37}},{"start":{"line":96,"column":37},"end":{"line":96,"column":42}}],"line":96},"9":{"loc":{"start":{"line":96,"column":42},"end":{"line":96,"column":null}},"type":"binary-expr","locations":[{"start":{"line":96,"column":42},"end":{"line":96,"column":56}},{"start":{"line":96,"column":56},"end":{"line":96,"column":null}}],"line":96},"10":{"loc":{"start":{"line":98,"column":4},"end":{"line":100,"column":null}},"type":"if","locations":[{"start":{"line":98,"column":4},"end":{"line":100,"column":null}},{"start":{},"end":{}}],"line":98},"11":{"loc":{"start":{"line":99,"column":23},"end":{"line":99,"column":43}},"type":"binary-expr","locations":[{"start":{"line":99,"column":23},"end":{"line":99,"column":41}},{"start":{"line":99,"column":41},"end":{"line":99,"column":43}}],"line":99},"12":{"loc":{"start":{"line":113,"column":4},"end":{"line":115,"column":null}},"type":"if","locations":[{"start":{"line":113,"column":4},"end":{"line":115,"column":null}},{"start":{},"end":{}}],"line":113},"13":{"loc":{"start":{"line":113,"column":8},"end":{"line":113,"column":50}},"type":"binary-expr","locations":[{"start":{"line":113,"column":8},"end":{"line":113,"column":16}},{"start":{"line":113,"column":16},"end":{"line":113,"column":50}}],"line":113},"14":{"loc":{"start":{"line":114,"column":21},"end":{"line":114,"column":53}},"type":"binary-expr","locations":[{"start":{"line":114,"column":21},"end":{"line":114,"column":48}},{"start":{"line":114,"column":48},"end":{"line":114,"column":53}}],"line":114},"15":{"loc":{"start":{"line":114,"column":53},"end":{"line":114,"column":null}},"type":"binary-expr","locations":[{"start":{"line":114,"column":53},"end":{"line":114,"column":76}},{"start":{"line":114,"column":76},"end":{"line":114,"column":null}}],"line":114},"16":{"loc":{"start":{"line":121,"column":4},"end":{"line":126,"column":null}},"type":"if","locations":[{"start":{"line":121,"column":4},"end":{"line":126,"column":null}},{"start":{},"end":{}}],"line":121},"17":{"loc":{"start":{"line":121,"column":8},"end":{"line":121,"column":56}},"type":"binary-expr","locations":[{"start":{"line":121,"column":8},"end":{"line":121,"column":42}},{"start":{"line":121,"column":42},"end":{"line":121,"column":56}}],"line":121},"18":{"loc":{"start":{"line":123,"column":21},"end":{"line":123,"column":50}},"type":"binary-expr","locations":[{"start":{"line":123,"column":21},"end":{"line":123,"column":45}},{"start":{"line":123,"column":45},"end":{"line":123,"column":50}}],"line":123},"19":{"loc":{"start":{"line":123,"column":50},"end":{"line":123,"column":null}},"type":"binary-expr","locations":[{"start":{"line":123,"column":50},"end":{"line":123,"column":70}},{"start":{"line":123,"column":70},"end":{"line":123,"column":null}}],"line":123},"20":{"loc":{"start":{"line":125,"column":6},"end":{"line":126,"column":null}},"type":"if","locations":[{"start":{"line":125,"column":6},"end":{"line":126,"column":null}},{"start":{},"end":{}}],"line":125},"21":{"loc":{"start":{"line":131,"column":4},"end":{"line":131,"column":null}},"type":"if","locations":[{"start":{"line":131,"column":4},"end":{"line":131,"column":null}},{"start":{},"end":{}}],"line":131},"22":{"loc":{"start":{"line":135,"column":4},"end":{"line":135,"column":null}},"type":"if","locations":[{"start":{"line":135,"column":4},"end":{"line":135,"column":null}},{"start":{},"end":{}}],"line":135},"23":{"loc":{"start":{"line":135,"column":8},"end":{"line":135,"column":45}},"type":"binary-expr","locations":[{"start":{"line":135,"column":8},"end":{"line":135,"column":24}},{"start":{"line":135,"column":24},"end":{"line":135,"column":45}}],"line":135},"24":{"loc":{"start":{"line":141,"column":19},"end":{"line":141,"column":null}},"type":"binary-expr","locations":[{"start":{"line":141,"column":19},"end":{"line":141,"column":40}},{"start":{"line":141,"column":40},"end":{"line":141,"column":null}}],"line":141},"25":{"loc":{"start":{"line":142,"column":31},"end":{"line":142,"column":null}},"type":"binary-expr","locations":[{"start":{"line":142,"column":31},"end":{"line":142,"column":58}},{"start":{"line":142,"column":62},"end":{"line":142,"column":null}}],"line":142},"26":{"loc":{"start":{"line":143,"column":29},"end":{"line":144,"column":72}},"type":"binary-expr","locations":[{"start":{"line":143,"column":29},"end":{"line":143,"column":48}},{"start":{"line":143,"column":48},"end":{"line":143,"column":null}},{"start":{"line":144,"column":6},"end":{"line":144,"column":38}},{"start":{"line":144,"column":38},"end":{"line":144,"column":72}}],"line":143},"27":{"loc":{"start":{"line":145,"column":4},"end":{"line":146,"column":null}},"type":"if","locations":[{"start":{"line":145,"column":4},"end":{"line":146,"column":null}},{"start":{},"end":{}}],"line":145},"28":{"loc":{"start":{"line":145,"column":8},"end":{"line":145,"column":48}},"type":"binary-expr","locations":[{"start":{"line":145,"column":8},"end":{"line":145,"column":28}},{"start":{"line":145,"column":28},"end":{"line":145,"column":48}}],"line":145},"29":{"loc":{"start":{"line":152,"column":4},"end":{"line":162,"column":null}},"type":"if","locations":[{"start":{"line":152,"column":4},"end":{"line":162,"column":null}},{"start":{},"end":{}}],"line":152},"30":{"loc":{"start":{"line":153,"column":6},"end":{"line":158,"column":null}},"type":"binary-expr","locations":[{"start":{"line":153,"column":6},"end":{"line":153,"column":null}},{"start":{"line":154,"column":6},"end":{"line":154,"column":null}},{"start":{"line":155,"column":6},"end":{"line":155,"column":null}},{"start":{"line":156,"column":6},"end":{"line":156,"column":34}},{"start":{"line":157,"column":6},"end":{"line":157,"column":null}},{"start":{"line":158,"column":6},"end":{"line":158,"column":null}}],"line":153},"31":{"loc":{"start":{"line":166,"column":4},"end":{"line":167,"column":null}},"type":"if","locations":[{"start":{"line":166,"column":4},"end":{"line":167,"column":null}},{"start":{},"end":{}}],"line":166},"32":{"loc":{"start":{"line":167,"column":34},"end":{"line":167,"column":72}},"type":"binary-expr","locations":[{"start":{"line":167,"column":34},"end":{"line":167,"column":58}},{"start":{"line":167,"column":58},"end":{"line":167,"column":72}}],"line":167},"33":{"loc":{"start":{"line":176,"column":17},"end":{"line":176,"column":30}},"type":"binary-expr","locations":[{"start":{"line":176,"column":17},"end":{"line":176,"column":28}},{"start":{"line":176,"column":28},"end":{"line":176,"column":30}}],"line":176},"34":{"loc":{"start":{"line":177,"column":47},"end":{"line":177,"column":null}},"type":"cond-expr","locations":[{"start":{"line":177,"column":63},"end":{"line":177,"column":92}},{"start":{"line":177,"column":95},"end":{"line":177,"column":null}}],"line":177},"35":{"loc":{"start":{"line":179,"column":2},"end":{"line":179,"column":null}},"type":"if","locations":[{"start":{"line":179,"column":2},"end":{"line":179,"column":null}},{"start":{},"end":{}}],"line":179},"36":{"loc":{"start":{"line":188,"column":21},"end":{"line":188,"column":49}},"type":"default-arg","locations":[{"start":{"line":188,"column":38},"end":{"line":188,"column":49}}],"line":188},"37":{"loc":{"start":{"line":188,"column":49},"end":{"line":188,"column":75}},"type":"default-arg","locations":[{"start":{"line":188,"column":68},"end":{"line":188,"column":75}}],"line":188},"38":{"loc":{"start":{"line":188,"column":75},"end":{"line":188,"column":99}},"type":"default-arg","locations":[{"start":{"line":188,"column":91},"end":{"line":188,"column":99}}],"line":188},"39":{"loc":{"start":{"line":196,"column":20},"end":{"line":196,"column":51}},"type":"default-arg","locations":[{"start":{"line":196,"column":37},"end":{"line":196,"column":51}}],"line":196},"40":{"loc":{"start":{"line":204,"column":24},"end":{"line":204,"column":52}},"type":"default-arg","locations":[{"start":{"line":204,"column":41},"end":{"line":204,"column":52}}],"line":204},"41":{"loc":{"start":{"line":204,"column":52},"end":{"line":204,"column":81}},"type":"default-arg","locations":[{"start":{"line":204,"column":71},"end":{"line":204,"column":81}}],"line":204},"42":{"loc":{"start":{"line":218,"column":27},"end":{"line":218,"column":55}},"type":"default-arg","locations":[{"start":{"line":218,"column":44},"end":{"line":218,"column":55}}],"line":218},"43":{"loc":{"start":{"line":218,"column":55},"end":{"line":218,"column":81}},"type":"default-arg","locations":[{"start":{"line":218,"column":74},"end":{"line":218,"column":81}}],"line":218},"44":{"loc":{"start":{"line":218,"column":81},"end":{"line":218,"column":105}},"type":"default-arg","locations":[{"start":{"line":218,"column":97},"end":{"line":218,"column":105}}],"line":218},"45":{"loc":{"start":{"line":239,"column":21},"end":{"line":239,"column":44}},"type":"default-arg","locations":[{"start":{"line":239,"column":37},"end":{"line":239,"column":44}}],"line":239},"46":{"loc":{"start":{"line":243,"column":11},"end":{"line":243,"column":38}},"type":"binary-expr","locations":[{"start":{"line":243,"column":11},"end":{"line":243,"column":36}},{"start":{"line":243,"column":36},"end":{"line":243,"column":38}}],"line":243},"47":{"loc":{"start":{"line":247,"column":28},"end":{"line":247,"column":51}},"type":"default-arg","locations":[{"start":{"line":247,"column":44},"end":{"line":247,"column":51}}],"line":247},"48":{"loc":{"start":{"line":262,"column":11},"end":{"line":262,"column":38}},"type":"binary-expr","locations":[{"start":{"line":262,"column":11},"end":{"line":262,"column":36}},{"start":{"line":262,"column":36},"end":{"line":262,"column":38}}],"line":262},"49":{"loc":{"start":{"line":293,"column":41},"end":{"line":293,"column":70}},"type":"default-arg","locations":[{"start":{"line":293,"column":60},"end":{"line":293,"column":70}}],"line":293},"50":{"loc":{"start":{"line":338,"column":16},"end":{"line":338,"column":40}},"type":"default-arg","locations":[{"start":{"line":338,"column":35},"end":{"line":338,"column":40}}],"line":338},"51":{"loc":{"start":{"line":338,"column":40},"end":{"line":338,"column":70}},"type":"default-arg","locations":[{"start":{"line":338,"column":61},"end":{"line":338,"column":70}}],"line":338},"52":{"loc":{"start":{"line":367,"column":22},"end":{"line":367,"column":42}},"type":"default-arg","locations":[{"start":{"line":367,"column":35},"end":{"line":367,"column":42}}],"line":367},"53":{"loc":{"start":{"line":367,"column":42},"end":{"line":367,"column":69}},"type":"default-arg","locations":[{"start":{"line":367,"column":59},"end":{"line":367,"column":69}}],"line":367},"54":{"loc":{"start":{"line":380,"column":26},"end":{"line":380,"column":49}},"type":"default-arg","locations":[{"start":{"line":380,"column":42},"end":{"line":380,"column":49}}],"line":380},"55":{"loc":{"start":{"line":456,"column":45},"end":{"line":456,"column":68}},"type":"default-arg","locations":[{"start":{"line":456,"column":61},"end":{"line":456,"column":68}}],"line":456},"56":{"loc":{"start":{"line":481,"column":25},"end":{"line":481,"column":57}},"type":"default-arg","locations":[{"start":{"line":481,"column":50},"end":{"line":481,"column":57}}],"line":481},"57":{"loc":{"start":{"line":481,"column":57},"end":{"line":481,"column":84}},"type":"default-arg","locations":[{"start":{"line":481,"column":74},"end":{"line":481,"column":84}}],"line":481},"58":{"loc":{"start":{"line":484,"column":20},"end":{"line":484,"column":null}},"type":"cond-expr","locations":[{"start":{"line":484,"column":39},"end":{"line":484,"column":48}},{"start":{"line":484,"column":48},"end":{"line":484,"column":null}}],"line":484},"59":{"loc":{"start":{"line":490,"column":25},"end":{"line":490,"column":60}},"type":"default-arg","locations":[{"start":{"line":490,"column":50},"end":{"line":490,"column":60}}],"line":490},"60":{"loc":{"start":{"line":493,"column":20},"end":{"line":493,"column":null}},"type":"cond-expr","locations":[{"start":{"line":493,"column":39},"end":{"line":493,"column":48}},{"start":{"line":493,"column":48},"end":{"line":493,"column":null}}],"line":493},"61":{"loc":{"start":{"line":501,"column":14},"end":{"line":501,"column":34}},"type":"cond-expr","locations":[{"start":{"line":501,"column":21},"end":{"line":501,"column":29}},{"start":{"line":501,"column":32},"end":{"line":501,"column":34}}],"line":501},"62":{"loc":{"start":{"line":507,"column":30},"end":{"line":507,"column":52}},"type":"default-arg","locations":[{"start":{"line":507,"column":45},"end":{"line":507,"column":52}}],"line":507},"63":{"loc":{"start":{"line":589,"column":14},"end":{"line":595,"column":8}},"type":"default-arg","locations":[{"start":{"line":595,"column":6},"end":{"line":595,"column":8}}],"line":589},"64":{"loc":{"start":{"line":607,"column":15},"end":{"line":607,"column":null}},"type":"binary-expr","locations":[{"start":{"line":607,"column":15},"end":{"line":607,"column":31}},{"start":{"line":607,"column":31},"end":{"line":607,"column":null}}],"line":607},"65":{"loc":{"start":{"line":608,"column":16},"end":{"line":608,"column":null}},"type":"binary-expr","locations":[{"start":{"line":608,"column":16},"end":{"line":608,"column":33}},{"start":{"line":608,"column":33},"end":{"line":608,"column":null}}],"line":608},"66":{"loc":{"start":{"line":609,"column":18},"end":{"line":609,"column":null}},"type":"binary-expr","locations":[{"start":{"line":609,"column":18},"end":{"line":609,"column":37}},{"start":{"line":609,"column":37},"end":{"line":609,"column":null}}],"line":609},"67":{"loc":{"start":{"line":610,"column":29},"end":{"line":610,"column":null}},"type":"binary-expr","locations":[{"start":{"line":610,"column":29},"end":{"line":610,"column":59}},{"start":{"line":610,"column":59},"end":{"line":610,"column":null}}],"line":610},"68":{"loc":{"start":{"line":611,"column":20},"end":{"line":611,"column":null}},"type":"binary-expr","locations":[{"start":{"line":611,"column":20},"end":{"line":611,"column":41}},{"start":{"line":611,"column":41},"end":{"line":611,"column":null}}],"line":611},"69":{"loc":{"start":{"line":639,"column":15},"end":{"line":639,"column":57}},"type":"default-arg","locations":[{"start":{"line":639,"column":32},"end":{"line":639,"column":57}}],"line":639}},"s":{"0":5,"1":5,"2":0,"3":0,"4":0,"5":0,"6":0,"7":0,"8":0,"9":0,"10":0,"11":0,"12":0,"13":0,"14":0,"15":0,"16":0,"17":0,"18":0,"19":0,"20":0,"21":1,"22":5,"23":5,"24":5,"25":5,"26":0,"27":0,"28":0,"29":0,"30":0,"31":0,"32":0,"33":0,"34":0,"35":0,"36":5,"37":0,"38":0,"39":0,"40":0,"41":0,"42":0,"43":0,"44":0,"45":0,"46":0,"47":0,"48":0,"49":0,"50":0,"51":0,"52":0,"53":0,"54":0,"55":0,"56":0,"57":0,"58":0,"59":0,"60":0,"61":0,"62":0,"63":0,"64":0,"65":0,"66":0,"67":0,"68":5,"69":5,"70":0,"71":0,"72":0,"73":0,"74":0,"75":0,"76":0,"77":0,"78":0,"79":0,"80":5,"81":0,"82":0,"83":0,"84":0,"85":0,"86":0,"87":0,"88":0,"89":0,"90":0,"91":5,"92":0,"93":0,"94":0,"95":0,"96":0,"97":0,"98":0,"99":0,"100":0,"101":0,"102":5,"103":0,"104":0,"105":0,"106":0,"107":0,"108":0,"109":0,"110":0,"111":0,"112":0,"113":0,"114":0,"115":5,"116":0,"117":0,"118":0,"119":0,"120":0,"121":0,"122":0,"123":0,"124":5,"125":0,"126":0,"127":0,"128":0,"129":0,"130":0,"131":5,"132":0,"133":0,"134":5,"135":0,"136":0,"137":0,"138":0,"139":0,"140":0,"141":0,"142":0,"143":0,"144":0,"145":0,"146":0,"147":5,"148":0,"149":0,"150":0,"151":0,"152":0,"153":0,"154":0,"155":0,"156":0,"157":0,"158":5,"159":0,"160":0,"161":0,"162":0,"163":0,"164":0,"165":0,"166":0,"167":5,"168":0,"169":0,"170":5,"171":0,"172":0,"173":0,"174":0,"175":5,"176":0,"177":0,"178":5,"179":0,"180":0,"181":0,"182":0,"183":0,"184":0},"f":{"0":0,"1":0,"2":0,"3":0,"4":1,"5":0,"6":0,"7":0,"8":0,"9":0,"10":0,"11":0,"12":0,"13":0,"14":0,"15":0,"16":0,"17":0,"18":0,"19":0,"20":0,"21":0,"22":0,"23":0,"24":0,"25":0,"26":0,"27":0,"28":0,"29":0,"30":0,"31":0,"32":0,"33":0,"34":0,"35":0,"36":0,"37":0,"38":0,"39":0,"40":0,"41":0,"42":0,"43":0,"44":0,"45":0,"46":0,"47":0,"48":0,"49":0,"50":0,"51":0,"52":0,"53":0,"54":0,"55":0,"56":0},"b":{"0":[5,5],"1":[0,0],"2":[0,0],"3":[0,0],"4":[0,0],"5":[0,0],"6":[0,0],"7":[0,0],"8":[0,0],"9":[0,0],"10":[0,0],"11":[0,0],"12":[0,0],"13":[0,0],"14":[0,0],"15":[0,0],"16":[0,0],"17":[0,0],"18":[0,0],"19":[0,0],"20":[0,0],"21":[0,0],"22":[0,0],"23":[0,0],"24":[0,0],"25":[0,0],"26":[0,0,0,0],"27":[0,0],"28":[0,0],"29":[0,0],"30":[0,0,0,0,0,0],"31":[0,0],"32":[0,0],"33":[0,0],"34":[0,0],"35":[0,0],"36":[0],"37":[0],"38":[0],"39":[0],"40":[0],"41":[0],"42":[0],"43":[0],"44":[0],"45":[0],"46":[0,0],"47":[0],"48":[0,0],"49":[0],"50":[0],"51":[0],"52":[0],"53":[0],"54":[0],"55":[0],"56":[0],"57":[0],"58":[0,0],"59":[0],"60":[0,0],"61":[0,0],"62":[0],"63":[0],"64":[0,0],"65":[0,0],"66":[0,0],"67":[0,0],"68":[0,0],"69":[0]},"meta":{"lastBranch":70,"lastFunction":57,"lastStatement":185,"seen":{"s:12:22:12:Infinity":0,"b:12:22:12:77:12:77:12:Infinity":0,"s:20:23:67:Infinity":1,"f:32:2:32:18":0,"s:33:4:33:Infinity":2,"s:34:4:34:Infinity":3,"s:35:4:35:Infinity":4,"f:38:2:38:18":1,"s:39:4:39:Infinity":5,"s:40:4:40:Infinity":6,"b:41:4:42:Infinity:undefined:undefined:undefined:undefined":1,"s:41:4:42:Infinity":7,"s:42:6:42:Infinity":8,"f:47:2:47:24":2,"b:48:4:48:Infinity:undefined:undefined:undefined:undefined":2,"s:48:4:48:Infinity":9,"s:48:33:48:Infinity":10,"b:49:4:55:Infinity:undefined:undefined:undefined:undefined":3,"s:49:4:55:Infinity":11,"b:51:6:53:Infinity:undefined:undefined:undefined:undefined":4,"s:51:6:53:Infinity":12,"s:52:8:52:Infinity":13,"s:53:8:53:Infinity":14,"s:55:6:55:Infinity":15,"s:58:4:58:Infinity":16,"f:62:2:62:31":3,"b:63:4:63:Infinity:undefined:undefined:undefined:undefined":5,"s:63:4:63:Infinity":17,"s:63:31:63:Infinity":18,"s:64:4:64:Infinity":19,"s:65:4:65:Infinity":20,"f:70:16:70:41":4,"s:71:2:71:Infinity":21,"s:74:15:80:2":22,"s:83:18:83:68":23,"s:86:25:86:66":24,"s:88:0:104:Infinity":25,"f:88:28:88:33":5,"b:90:2:92:Infinity:undefined:undefined:undefined:undefined":6,"s:90:2:92:Infinity":26,"s:91:16:91:78":27,"s:92:4:92:Infinity":28,"b:95:2:100:Infinity:undefined:undefined:undefined:undefined":7,"s:95:2:100:Infinity":29,"s:96:16:96:Infinity":30,"b:96:19:96:37:96:37:96:42":8,"b:96:42:96:56:96:56:96:Infinity":9,"s:97:19:97:37":31,"b:98:4:100:Infinity:undefined:undefined:undefined:undefined":10,"s:98:4:100:Infinity":32,"s:99:6:99:Infinity":33,"b:99:23:99:41:99:41:99:43":11,"s:100:6:100:Infinity":34,"s:103:2:103:Infinity":35,"s:106:0:171:Infinity":36,"f:106:29:106:Infinity":6,"s:109:4:109:Infinity":37,"s:112:17:112:Infinity":38,"b:113:4:115:Infinity:undefined:undefined:undefined:undefined":12,"s:113:4:115:Infinity":39,"b:113:8:113:16:113:16:113:50":13,"s:114:18:114:Infinity":40,"b:114:21:114:48:114:48:114:53":14,"b:114:53:114:76:114:76:114:Infinity":15,"s:115:6:115:Infinity":41,"s:117:4:117:Infinity":42,"f:119:2:119:9":7,"b:121:4:126:Infinity:undefined:undefined:undefined:undefined":16,"s:121:4:126:Infinity":43,"b:121:8:121:42:121:42:121:56":17,"s:122:6:122:Infinity":44,"s:123:18:123:Infinity":45,"b:123:21:123:45:123:45:123:50":18,"b:123:50:123:70:123:70:123:Infinity":19,"s:124:21:124:39":46,"b:125:6:126:Infinity:undefined:undefined:undefined:undefined":20,"s:125:6:126:Infinity":47,"s:126:8:126:Infinity":48,"s:130:22:130:Infinity":49,"b:131:4:131:Infinity:undefined:undefined:undefined:undefined":21,"s:131:4:131:Infinity":50,"s:131:18:131:Infinity":51,"s:134:26:134:Infinity":52,"b:135:4:135:Infinity:undefined:undefined:undefined:undefined":22,"s:135:4:135:Infinity":53,"b:135:8:135:24:135:24:135:45":23,"s:135:47:135:Infinity":54,"s:141:19:141:Infinity":55,"b:141:19:141:40:141:40:141:Infinity":24,"s:142:31:142:Infinity":56,"b:142:31:142:58:142:62:142:Infinity":25,"s:143:29:144:72":57,"b:143:29:143:48:143:48:143:Infinity:144:6:144:38:144:38:144:72":26,"b:145:4:146:Infinity:undefined:undefined:undefined:undefined":27,"s:145:4:146:Infinity":58,"b:145:8:145:28:145:28:145:48":28,"s:146:6:146:Infinity":59,"b:152:4:162:Infinity:undefined:undefined:undefined:undefined":29,"s:152:4:162:Infinity":60,"b:153:6:153:Infinity:154:6:154:Infinity:155:6:155:Infinity:156:6:156:34:157:6:157:Infinity:158:6:158:Infinity":30,"s:160:26:160:Infinity":61,"s:161:6:161:Infinity":62,"f:161:16:161:24":8,"s:161:35:161:60":63,"s:162:6:162:Infinity":64,"b:166:4:167:Infinity:undefined:undefined:undefined:undefined":31,"s:166:4:167:Infinity":65,"s:167:6:167:Infinity":66,"b:167:34:167:58:167:58:167:72":32,"s:169:4:169:Infinity":67,"s:174:20:174:43":68,"s:175:0:183:Infinity":69,"f:175:22:175:40":9,"s:176:17:176:30":70,"b:176:17:176:28:176:28:176:30":33,"s:177:14:177:Infinity":71,"b:177:63:177:92:177:95:177:Infinity":34,"s:178:19:178:44":72,"b:179:2:179:Infinity:undefined:undefined:undefined:undefined":35,"s:179:2:179:Infinity":73,"s:179:16:179:Infinity":74,"s:180:18:180:41":75,"s:181:2:181:Infinity":76,"s:182:2:182:Infinity":77,"f:182:15:182:29":10,"s:182:29:182:57":78,"s:183:2:183:Infinity":79,"s:187:25:230:Infinity":80,"f:188:14:188:21":11,"b:188:38:188:49":36,"b:188:68:188:75":37,"b:188:91:188:99":38,"s:189:21:192:6":81,"s:193:4:193:Infinity":82,"f:196:13:196:20":12,"b:196:37:196:51":39,"s:197:21:200:6":83,"s:201:4:201:Infinity":84,"f:204:17:204:24":13,"b:204:41:204:52":40,"b:204:71:204:81":41,"s:205:21:208:6":85,"s:209:4:209:Infinity":86,"f:212:13:212:25":14,"s:213:21:213:55":87,"s:214:4:214:Infinity":88,"f:218:20:218:27":15,"b:218:44:218:55":42,"b:218:74:218:81":43,"b:218:97:218:105":44,"s:219:21:227:6":89,"s:228:4:228:Infinity":90,"s:233:26:274:Infinity":91,"f:234:14:234:26":16,"s:235:21:235:65":92,"s:236:4:236:Infinity":93,"f:239:14:239:21":17,"b:239:37:239:44":45,"s:240:21:242:6":94,"s:243:4:243:Infinity":95,"b:243:11:243:36:243:36:243:38":46,"f:247:21:247:28":18,"b:247:44:247:51":47,"s:248:21:261:49":96,"s:262:4:262:Infinity":97,"b:262:11:262:36:262:36:262:38":48,"f:265:16:265:28":19,"s:266:21:266:59":98,"s:267:4:267:Infinity":99,"f:270:12:270:24":20,"s:271:21:271:122":100,"s:272:4:272:Infinity":101,"s:277:28:311:Infinity":102,"f:278:13:278:25":21,"s:279:21:279:69":103,"s:280:4:280:Infinity":104,"f:283:14:283:26":22,"s:284:21:284:59":105,"s:285:4:285:Infinity":106,"f:288:14:288:26":23,"s:289:21:289:59":107,"s:290:4:290:Infinity":108,"f:293:17:293:24":24,"b:293:60:293:70":49,"s:294:21:297:6":109,"s:298:4:298:Infinity":110,"f:301:12:301:19":25,"s:302:21:302:69":111,"s:303:4:303:Infinity":112,"f:307:14:307:26":26,"s:308:21:308:64":113,"s:309:4:309:Infinity":114,"s:314:25:334:Infinity":115,"f:315:12:315:24":27,"s:316:21:316:70":116,"s:317:4:317:Infinity":117,"f:320:14:320:26":28,"s:321:21:321:57":118,"s:322:4:322:Infinity":119,"f:325:11:325:23":29,"s:326:21:326:53":120,"s:327:4:327:Infinity":121,"f:330:14:330:26":30,"s:331:21:331:56":122,"s:332:4:332:Infinity":123,"s:337:27:355:Infinity":124,"f:338:9:338:16":31,"b:338:35:338:40":50,"b:338:61:338:70":51,"s:339:21:342:6":125,"s:343:4:343:Infinity":126,"f:346:13:346:25":32,"s:347:21:347:73":127,"s:348:4:348:Infinity":128,"f:351:8:351:20":33,"s:352:21:352:56":129,"s:353:4:353:Infinity":130,"s:358:25:363:Infinity":131,"f:359:9:359:21":34,"s:360:21:360:48":132,"s:361:4:361:Infinity":133,"s:366:27:431:Infinity":134,"f:367:15:367:22":35,"b:367:35:367:42":52,"b:367:59:367:69":53,"s:368:21:371:6":135,"s:372:4:372:Infinity":136,"f:375:12:375:24":36,"s:376:21:376:56":137,"s:377:4:377:Infinity":138,"f:380:19:380:26":37,"b:380:42:380:49":54,"s:381:21:383:6":139,"s:384:4:384:Infinity":140,"f:388:20:388:32":38,"s:389:21:398:34":141,"s:399:4:399:Infinity":142,"f:403:14:403:26":39,"s:404:21:409:27":143,"s:410:4:410:Infinity":144,"f:414:18:414:30":40,"s:415:21:428:32":145,"s:429:4:429:Infinity":146,"s:434:24:476:Infinity":147,"f:439:8:439:15":41,"s:440:21:445:76":148,"s:446:4:446:Infinity":149,"f:450:16:450:28":42,"s:451:21:451:78":150,"s:452:4:452:Infinity":151,"f:456:20:456:27":43,"b:456:61:456:68":55,"s:457:21:461:58":152,"s:462:4:462:Infinity":153,"f:466:11:466:23":44,"s:467:21:467:52":154,"s:468:4:468:Infinity":155,"f:472:13:472:25":45,"s:473:21:473:54":156,"s:474:4:474:Infinity":157,"s:479:25:530:Infinity":158,"f:481:18:481:25":46,"b:481:50:481:57":56,"b:481:74:481:84":57,"s:482:21:485:6":159,"b:484:39:484:48:484:48:484:Infinity":58,"s:486:4:486:Infinity":160,"f:490:18:490:25":47,"b:490:50:490:60":59,"s:491:21:494:6":161,"b:493:39:493:48:493:48:493:Infinity":60,"s:495:4:495:Infinity":162,"f:499:18:499:25":48,"s:500:21:502:6":163,"b:501:21:501:29:501:32:501:34":61,"s:503:4:503:Infinity":164,"f:507:23:507:30":49,"b:507:45:507:52":62,"s:508:21:527:57":165,"s:528:4:528:Infinity":166,"s:533:31:545:Infinity":167,"f:535:14:535:26":50,"s:536:21:542:25":168,"s:543:4:543:Infinity":169,"s:548:23:584:Infinity":170,"f:550:11:550:23":51,"s:551:21:571:24":171,"s:572:4:572:Infinity":172,"f:576:16:576:28":52,"s:577:21:581:29":173,"s:582:4:582:Infinity":174,"s:587:27:617:Infinity":175,"f:589:7:589:14":53,"b:595:6:595:8":63,"s:596:21:614:6":176,"b:607:15:607:31:607:31:607:Infinity":64,"b:608:16:608:33:608:33:608:Infinity":65,"b:609:18:609:37:609:37:609:Infinity":66,"b:610:29:610:59:610:59:610:Infinity":67,"b:611:20:611:41:611:41:611:Infinity":68,"s:615:4:615:Infinity":177,"s:620:23:653:Infinity":178,"f:622:13:622:25":54,"s:623:21:634:22":179,"s:635:4:635:Infinity":180,"f:639:8:639:15":55,"b:639:32:639:57":69,"s:640:21:641:Infinity":181,"s:643:4:643:Infinity":182,"f:647:10:647:22":56,"s:648:21:649:Infinity":183,"s:651:4:651:Infinity":184}}}
,"C:\\quant_sentinel\\frontend\\src\\components\\dashboard\\ExecutionQuality.tsx": {"path":"C:\\quant_sentinel\\frontend\\src\\components\\dashboard\\ExecutionQuality.tsx","statementMap":{"0":{"start":{"line":37,"column":83},"end":{"line":43,"column":null}},"1":{"start":{"line":46,"column":2},"end":{"line":46,"column":null}},"2":{"start":{"line":53,"column":2},"end":{"line":60,"column":null}},"3":{"start":{"line":67,"column":16},"end":{"line":67,"column":36}},"4":{"start":{"line":68,"column":18},"end":{"line":68,"column":null}},"5":{"start":{"line":69,"column":19},"end":{"line":69,"column":null}},"6":{"start":{"line":71,"column":2},"end":{"line":97,"column":null}},"7":{"start":{"line":103,"column":13},"end":{"line":187,"column":null}},"8":{"start":{"line":104,"column":16},"end":{"line":107,"column":null}},"9":{"start":{"line":106,"column":10},"end":{"line":106,"column":43}},"10":{"start":{"line":110,"column":2},"end":{"line":111,"column":null}},"11":{"start":{"line":111,"column":4},"end":{"line":111,"column":null}},"12":{"start":{"line":114,"column":2},"end":{"line":118,"column":null}},"13":{"start":{"line":115,"column":4},"end":{"line":118,"column":null}},"14":{"start":{"line":123,"column":21},"end":{"line":123,"column":null}},"15":{"start":{"line":124,"column":23},"end":{"line":128,"column":null}},"16":{"start":{"line":125,"column":15},"end":{"line":125,"column":36}},"17":{"start":{"line":126,"column":15},"end":{"line":126,"column":36}},"18":{"start":{"line":127,"column":4},"end":{"line":127,"column":null}},"19":{"start":{"line":130,"column":20},"end":{"line":132,"column":null}},"20":{"start":{"line":134,"column":24},"end":{"line":136,"column":null}},"21":{"start":{"line":138,"column":2},"end":{"line":183,"column":null}},"22":{"start":{"line":180,"column":14},"end":{"line":180,"column":null}}},"fnMap":{"0":{"name":"getGradeStyle","decl":{"start":{"line":45,"column":9},"end":{"line":45,"column":23}},"loc":{"start":{"line":45,"column":38},"end":{"line":46,"column":null}},"line":45},"1":{"name":"StatCard","decl":{"start":{"line":50,"column":9},"end":{"line":50,"column":18}},"loc":{"start":{"line":52,"column":3},"end":{"line":60,"column":null}},"line":52},"2":{"name":"GradeRow","decl":{"start":{"line":66,"column":9},"end":{"line":66,"column":18}},"loc":{"start":{"line":66,"column":74},"end":{"line":97,"column":null}},"line":66},"3":{"name":"ExecutionQuality","decl":{"start":{"line":103,"column":46},"end":{"line":103,"column":65}},"loc":{"start":{"line":103,"column":65},"end":{"line":187,"column":null}},"line":103},"4":{"name":"(anonymous_4)","decl":{"start":{"line":105,"column":4},"end":{"line":105,"column":null}},"loc":{"start":{"line":106,"column":10},"end":{"line":106,"column":43}},"line":106},"5":{"name":"(anonymous_5)","decl":{"start":{"line":124,"column":53},"end":{"line":124,"column":59}},"loc":{"start":{"line":124,"column":72},"end":{"line":128,"column":null}},"line":124},"6":{"name":"(anonymous_6)","decl":{"start":{"line":179,"column":26},"end":{"line":179,"column":31}},"loc":{"start":{"line":180,"column":14},"end":{"line":180,"column":null}},"line":180}},"branchMap":{"0":{"loc":{"start":{"line":46,"column":9},"end":{"line":46,"column":null}},"type":"binary-expr","locations":[{"start":{"line":46,"column":9},"end":{"line":46,"column":32}},{"start":{"line":46,"column":32},"end":{"line":46,"column":null}}],"line":46},"1":{"loc":{"start":{"line":60,"column":7},"end":{"line":60,"column":null}},"type":"binary-expr","locations":[{"start":{"line":60,"column":7},"end":{"line":60,"column":19}},{"start":{"line":60,"column":19},"end":{"line":60,"column":null}}],"line":60},"2":{"loc":{"start":{"line":68,"column":18},"end":{"line":68,"column":null}},"type":"cond-expr","locations":[{"start":{"line":68,"column":42},"end":{"line":68,"column":64}},{"start":{"line":68,"column":64},"end":{"line":68,"column":null}}],"line":68},"3":{"loc":{"start":{"line":69,"column":19},"end":{"line":69,"column":null}},"type":"cond-expr","locations":[{"start":{"line":69,"column":36},"end":{"line":69,"column":58}},{"start":{"line":69,"column":58},"end":{"line":69,"column":null}}],"line":69},"4":{"loc":{"start":{"line":95,"column":11},"end":{"line":95,"column":37}},"type":"cond-expr","locations":[{"start":{"line":95,"column":28},"end":{"line":95,"column":34}},{"start":{"line":95,"column":34},"end":{"line":95,"column":37}}],"line":95},"5":{"loc":{"start":{"line":110,"column":2},"end":{"line":111,"column":null}},"type":"if","locations":[{"start":{"line":110,"column":2},"end":{"line":111,"column":null}},{"start":{},"end":{}}],"line":110},"6":{"loc":{"start":{"line":110,"column":6},"end":{"line":110,"column":26}},"type":"binary-expr","locations":[{"start":{"line":110,"column":6},"end":{"line":110,"column":19}},{"start":{"line":110,"column":19},"end":{"line":110,"column":26}}],"line":110},"7":{"loc":{"start":{"line":114,"column":2},"end":{"line":118,"column":null}},"type":"if","locations":[{"start":{"line":114,"column":2},"end":{"line":118,"column":null}},{"start":{},"end":{}}],"line":114},"8":{"loc":{"start":{"line":114,"column":6},"end":{"line":114,"column":54}},"type":"binary-expr","locations":[{"start":{"line":114,"column":6},"end":{"line":114,"column":15}},{"start":{"line":114,"column":15},"end":{"line":114,"column":29}},{"start":{"line":114,"column":29},"end":{"line":114,"column":54}}],"line":114},"9":{"loc":{"start":{"line":117,"column":9},"end":{"line":117,"column":null}},"type":"binary-expr","locations":[{"start":{"line":117,"column":9},"end":{"line":117,"column":24}},{"start":{"line":117,"column":24},"end":{"line":117,"column":null}}],"line":117},"10":{"loc":{"start":{"line":127,"column":12},"end":{"line":127,"column":36}},"type":"cond-expr","locations":[{"start":{"line":127,"column":24},"end":{"line":127,"column":29}},{"start":{"line":127,"column":29},"end":{"line":127,"column":36}}],"line":127},"11":{"loc":{"start":{"line":127,"column":36},"end":{"line":127,"column":null}},"type":"cond-expr","locations":[{"start":{"line":127,"column":48},"end":{"line":127,"column":53}},{"start":{"line":127,"column":53},"end":{"line":127,"column":null}}],"line":127},"12":{"loc":{"start":{"line":130,"column":20},"end":{"line":132,"column":null}},"type":"cond-expr","locations":[{"start":{"line":130,"column":44},"end":{"line":130,"column":null}},{"start":{"line":131,"column":6},"end":{"line":132,"column":null}}],"line":130},"13":{"loc":{"start":{"line":131,"column":6},"end":{"line":132,"column":null}},"type":"cond-expr","locations":[{"start":{"line":131,"column":30},"end":{"line":131,"column":null}},{"start":{"line":132,"column":6},"end":{"line":132,"column":null}}],"line":131},"14":{"loc":{"start":{"line":134,"column":24},"end":{"line":136,"column":null}},"type":"cond-expr","locations":[{"start":{"line":134,"column":51},"end":{"line":134,"column":null}},{"start":{"line":135,"column":6},"end":{"line":136,"column":null}}],"line":134},"15":{"loc":{"start":{"line":135,"column":6},"end":{"line":136,"column":null}},"type":"cond-expr","locations":[{"start":{"line":135,"column":31},"end":{"line":135,"column":null}},{"start":{"line":136,"column":6},"end":{"line":136,"column":null}}],"line":135},"16":{"loc":{"start":{"line":158,"column":20},"end":{"line":158,"column":49}},"type":"cond-expr","locations":[{"start":{"line":158,"column":40},"end":{"line":158,"column":46}},{"start":{"line":158,"column":46},"end":{"line":158,"column":49}}],"line":158},"17":{"loc":{"start":{"line":160,"column":17},"end":{"line":160,"column":null}},"type":"cond-expr","locations":[{"start":{"line":160,"column":37},"end":{"line":160,"column":59}},{"start":{"line":160,"column":59},"end":{"line":160,"column":null}}],"line":160},"18":{"loc":{"start":{"line":173,"column":7},"end":{"line":183,"column":null}},"type":"binary-expr","locations":[{"start":{"line":173,"column":7},"end":{"line":173,"column":null}},{"start":{"line":174,"column":8},"end":{"line":183,"column":null}}],"line":173}},"s":{"0":1,"1":8,"2":16,"3":8,"4":8,"5":8,"6":8,"7":1,"8":4,"9":0,"10":4,"11":0,"12":4,"13":0,"14":4,"15":4,"16":4,"17":4,"18":4,"19":4,"20":4,"21":4,"22":8},"f":{"0":8,"1":16,"2":8,"3":4,"4":0,"5":4,"6":8},"b":{"0":[8,0],"1":[16,16],"2":[4,4],"3":[8,0],"4":[8,0],"5":[0,4],"6":[4,0],"7":[0,4],"8":[4,4,4],"9":[0,0],"10":[0,4],"11":[0,4],"12":[4,0],"13":[0,0],"14":[4,0],"15":[0,0],"16":[4,0],"17":[4,0],"18":[4,4]},"meta":{"lastBranch":19,"lastFunction":7,"lastStatement":23,"seen":{"s:37:83:43:Infinity":0,"f:45:9:45:23":0,"s:46:2:46:Infinity":1,"b:46:9:46:32:46:32:46:Infinity":0,"f:50:9:50:18":1,"s:53:2:60:Infinity":2,"b:60:7:60:19:60:19:60:Infinity":1,"f:66:9:66:18":2,"s:67:16:67:36":3,"s:68:18:68:Infinity":4,"b:68:42:68:64:68:64:68:Infinity":2,"s:69:19:69:Infinity":5,"b:69:36:69:58:69:58:69:Infinity":3,"s:71:2:97:Infinity":6,"b:95:28:95:34:95:34:95:37":4,"s:103:13:187:Infinity":7,"f:103:46:103:65":3,"s:104:16:107:Infinity":8,"f:105:4:105:Infinity":4,"s:106:10:106:43":9,"b:110:2:111:Infinity:undefined:undefined:undefined:undefined":5,"s:110:2:111:Infinity":10,"b:110:6:110:19:110:19:110:26":6,"s:111:4:111:Infinity":11,"b:114:2:118:Infinity:undefined:undefined:undefined:undefined":7,"s:114:2:118:Infinity":12,"b:114:6:114:15:114:15:114:29:114:29:114:54":8,"s:115:4:118:Infinity":13,"b:117:9:117:24:117:24:117:Infinity":9,"s:123:21:123:Infinity":14,"s:124:23:128:Infinity":15,"f:124:53:124:59":5,"s:125:15:125:36":16,"s:126:15:126:36":17,"s:127:4:127:Infinity":18,"b:127:24:127:29:127:29:127:36":10,"b:127:48:127:53:127:53:127:Infinity":11,"s:130:20:132:Infinity":19,"b:130:44:130:Infinity:131:6:132:Infinity":12,"b:131:30:131:Infinity:132:6:132:Infinity":13,"s:134:24:136:Infinity":20,"b:134:51:134:Infinity:135:6:136:Infinity":14,"b:135:31:135:Infinity:136:6:136:Infinity":15,"s:138:2:183:Infinity":21,"b:158:40:158:46:158:46:158:49":16,"b:160:37:160:59:160:59:160:Infinity":17,"b:173:7:173:Infinity:174:8:183:Infinity":18,"f:179:26:179:31":6,"s:180:14:180:Infinity":22}}}
,"C:\\quant_sentinel\\frontend\\src\\components\\dashboard\\ExportButtons.tsx": {"path":"C:\\quant_sentinel\\frontend\\src\\components\\dashboard\\ExportButtons.tsx","statementMap":{"0":{"start":{"line":13,"column":15},"end":{"line":13,"column":null}},"1":{"start":{"line":14,"column":14},"end":{"line":14,"column":39}},"2":{"start":{"line":15,"column":12},"end":{"line":15,"column":39}},"3":{"start":{"line":16,"column":2},"end":{"line":16,"column":null}},"4":{"start":{"line":17,"column":2},"end":{"line":17,"column":null}},"5":{"start":{"line":18,"column":2},"end":{"line":18,"column":null}},"6":{"start":{"line":19,"column":2},"end":{"line":19,"column":null}},"7":{"start":{"line":20,"column":2},"end":{"line":20,"column":null}},"8":{"start":{"line":21,"column":2},"end":{"line":21,"column":null}},"9":{"start":{"line":30,"column":13},"end":{"line":106,"column":null}},"10":{"start":{"line":31,"column":8},"end":{"line":31,"column":26}},"11":{"start":{"line":32,"column":18},"end":{"line":32,"column":61}},"12":{"start":{"line":34,"column":8},"end":{"line":44,"column":13}},"13":{"start":{"line":35,"column":4},"end":{"line":35,"column":null}},"14":{"start":{"line":36,"column":4},"end":{"line":42,"column":null}},"15":{"start":{"line":37,"column":6},"end":{"line":37,"column":null}},"16":{"start":{"line":38,"column":6},"end":{"line":38,"column":null}},"17":{"start":{"line":40,"column":6},"end":{"line":40,"column":null}},"18":{"start":{"line":42,"column":6},"end":{"line":42,"column":null}},"19":{"start":{"line":46,"column":54},"end":{"line":83,"column":null}},"20":{"start":{"line":52,"column":20},"end":{"line":52,"column":57}},"21":{"start":{"line":53,"column":8},"end":{"line":53,"column":null}},"22":{"start":{"line":61,"column":20},"end":{"line":61,"column":58}},"23":{"start":{"line":62,"column":8},"end":{"line":62,"column":null}},"24":{"start":{"line":70,"column":20},"end":{"line":70,"column":57}},"25":{"start":{"line":71,"column":8},"end":{"line":71,"column":null}},"26":{"start":{"line":79,"column":21},"end":{"line":79,"column":53}},"27":{"start":{"line":80,"column":8},"end":{"line":80,"column":null}},"28":{"start":{"line":85,"column":2},"end":{"line":101,"column":null}},"29":{"start":{"line":90,"column":21},"end":{"line":90,"column":null}},"30":{"start":{"line":91,"column":26},"end":{"line":91,"column":null}},"31":{"start":{"line":92,"column":8},"end":{"line":101,"column":null}},"32":{"start":{"line":95,"column":27},"end":{"line":95,"column":61}}},"fnMap":{"0":{"name":"triggerDownload","decl":{"start":{"line":12,"column":9},"end":{"line":12,"column":25}},"loc":{"start":{"line":12,"column":64},"end":{"line":21,"column":null}},"line":12},"1":{"name":"ExportButtons","decl":{"start":{"line":30,"column":43},"end":{"line":30,"column":59}},"loc":{"start":{"line":30,"column":59},"end":{"line":106,"column":null}},"line":30},"2":{"name":"(anonymous_2)","decl":{"start":{"line":34,"column":31},"end":{"line":34,"column":38}},"loc":{"start":{"line":34,"column":79},"end":{"line":44,"column":6}},"line":34},"3":{"name":"(anonymous_3)","decl":{"start":{"line":51,"column":14},"end":{"line":51,"column":26}},"loc":{"start":{"line":51,"column":26},"end":{"line":53,"column":null}},"line":51},"4":{"name":"(anonymous_4)","decl":{"start":{"line":60,"column":14},"end":{"line":60,"column":26}},"loc":{"start":{"line":60,"column":26},"end":{"line":62,"column":null}},"line":60},"5":{"name":"(anonymous_5)","decl":{"start":{"line":69,"column":14},"end":{"line":69,"column":26}},"loc":{"start":{"line":69,"column":26},"end":{"line":71,"column":null}},"line":69},"6":{"name":"(anonymous_6)","decl":{"start":{"line":78,"column":14},"end":{"line":78,"column":26}},"loc":{"start":{"line":78,"column":26},"end":{"line":80,"column":null}},"line":78},"7":{"name":"(anonymous_7)","decl":{"start":{"line":89,"column":15},"end":{"line":89,"column":19}},"loc":{"start":{"line":89,"column":26},"end":{"line":101,"column":null}},"line":89},"8":{"name":"(anonymous_8)","decl":{"start":{"line":95,"column":12},"end":{"line":95,"column":27}},"loc":{"start":{"line":95,"column":27},"end":{"line":95,"column":61}},"line":95}},"branchMap":{"0":{"loc":{"start":{"line":13,"column":15},"end":{"line":13,"column":null}},"type":"cond-expr","locations":[{"start":{"line":13,"column":42},"end":{"line":13,"column":82}},{"start":{"line":13,"column":85},"end":{"line":13,"column":null}}],"line":13},"1":{"loc":{"start":{"line":40,"column":36},"end":{"line":40,"column":83}},"type":"cond-expr","locations":[{"start":{"line":40,"column":59},"end":{"line":40,"column":73}},{"start":{"line":40,"column":73},"end":{"line":40,"column":83}}],"line":40},"2":{"loc":{"start":{"line":99,"column":13},"end":{"line":100,"column":17}},"type":"cond-expr","locations":[{"start":{"line":99,"column":25},"end":{"line":99,"column":74}},{"start":{"line":99,"column":73},"end":{"line":100,"column":17}}],"line":99}},"s":{"0":0,"1":0,"2":0,"3":0,"4":0,"5":0,"6":0,"7":0,"8":0,"9":1,"10":2,"11":2,"12":2,"13":0,"14":0,"15":0,"16":0,"17":0,"18":0,"19":2,"20":0,"21":0,"22":0,"23":0,"24":0,"25":0,"26":0,"27":0,"28":2,"29":8,"30":8,"31":8,"32":0},"f":{"0":0,"1":2,"2":0,"3":0,"4":0,"5":0,"6":0,"7":8,"8":0},"b":{"0":[0,0],"1":[0,0],"2":[0,8]},"meta":{"lastBranch":3,"lastFunction":9,"lastStatement":33,"seen":{"f:12:9:12:25":0,"s:13:15:13:Infinity":0,"b:13:42:13:82:13:85:13:Infinity":0,"s:14:14:14:39":1,"s:15:12:15:39":2,"s:16:2:16:Infinity":3,"s:17:2:17:Infinity":4,"s:18:2:18:Infinity":5,"s:19:2:19:Infinity":6,"s:20:2:20:Infinity":7,"s:21:2:21:Infinity":8,"s:30:13:106:Infinity":9,"f:30:43:30:59":1,"s:31:8:31:26":10,"s:32:18:32:61":11,"s:34:8:44:13":12,"f:34:31:34:38":2,"s:35:4:35:Infinity":13,"s:36:4:42:Infinity":14,"s:37:6:37:Infinity":15,"s:38:6:38:Infinity":16,"s:40:6:40:Infinity":17,"b:40:59:40:73:40:73:40:83":1,"s:42:6:42:Infinity":18,"s:46:54:83:Infinity":19,"f:51:14:51:26":3,"s:52:20:52:57":20,"s:53:8:53:Infinity":21,"f:60:14:60:26":4,"s:61:20:61:58":22,"s:62:8:62:Infinity":23,"f:69:14:69:26":5,"s:70:20:70:57":24,"s:71:8:71:Infinity":25,"f:78:14:78:26":6,"s:79:21:79:53":26,"s:80:8:80:Infinity":27,"s:85:2:101:Infinity":28,"f:89:15:89:19":7,"s:90:21:90:Infinity":29,"s:91:26:91:Infinity":30,"s:92:8:101:Infinity":31,"f:95:12:95:27":8,"s:95:27:95:61":32,"b:99:25:99:74:99:73:100:17":2}}}
,"C:\\quant_sentinel\\frontend\\src\\components\\dashboard\\ModelDriftAlert.tsx": {"path":"C:\\quant_sentinel\\frontend\\src\\components\\dashboard\\ModelDriftAlert.tsx","statementMap":{"0":{"start":{"line":34,"column":96},"end":{"line":38,"column":null}},"1":{"start":{"line":40,"column":45},"end":{"line":45,"column":null}},"2":{"start":{"line":48,"column":16},"end":{"line":48,"column":34}},"3":{"start":{"line":49,"column":2},"end":{"line":50,"column":null}},"4":{"start":{"line":50,"column":4},"end":{"line":50,"column":null}},"5":{"start":{"line":50,"column":29},"end":{"line":50,"column":null}},"6":{"start":{"line":52,"column":2},"end":{"line":52,"column":null}},"7":{"start":{"line":59,"column":17},"end":{"line":59,"column":null}},"8":{"start":{"line":60,"column":16},"end":{"line":60,"column":null}},"9":{"start":{"line":61,"column":21},"end":{"line":61,"column":null}},"10":{"start":{"line":62,"column":21},"end":{"line":62,"column":40}},"11":{"start":{"line":64,"column":2},"end":{"line":101,"column":null}},"12":{"start":{"line":108,"column":13},"end":{"line":186,"column":null}},"13":{"start":{"line":109,"column":19},"end":{"line":109,"column":49}},"14":{"start":{"line":111,"column":16},"end":{"line":114,"column":null}},"15":{"start":{"line":113,"column":10},"end":{"line":113,"column":38}},"16":{"start":{"line":117,"column":2},"end":{"line":118,"column":null}},"17":{"start":{"line":118,"column":4},"end":{"line":118,"column":null}},"18":{"start":{"line":121,"column":2},"end":{"line":121,"column":null}},"19":{"start":{"line":121,"column":13},"end":{"line":121,"column":null}},"20":{"start":{"line":123,"column":20},"end":{"line":123,"column":null}},"21":{"start":{"line":124,"column":21},"end":{"line":124,"column":94}},"22":{"start":{"line":126,"column":2},"end":{"line":181,"column":null}},"23":{"start":{"line":130,"column":23},"end":{"line":130,"column":43}},"24":{"start":{"line":130,"column":40},"end":{"line":130,"column":43}},"25":{"start":{"line":163,"column":16},"end":{"line":166,"column":null}},"26":{"start":{"line":174,"column":14},"end":{"line":179,"column":null}}},"fnMap":{"0":{"name":"getModelColor","decl":{"start":{"line":47,"column":9},"end":{"line":47,"column":23}},"loc":{"start":{"line":47,"column":45},"end":{"line":52,"column":null}},"line":47},"1":{"name":"DriftRow","decl":{"start":{"line":56,"column":9},"end":{"line":56,"column":18}},"loc":{"start":{"line":58,"column":3},"end":{"line":101,"column":null}},"line":58},"2":{"name":"ModelDriftAlert","decl":{"start":{"line":108,"column":45},"end":{"line":108,"column":63}},"loc":{"start":{"line":108,"column":63},"end":{"line":186,"column":null}},"line":108},"3":{"name":"(anonymous_3)","decl":{"start":{"line":112,"column":4},"end":{"line":112,"column":null}},"loc":{"start":{"line":113,"column":10},"end":{"line":113,"column":38}},"line":113},"4":{"name":"(anonymous_4)","decl":{"start":{"line":130,"column":8},"end":{"line":130,"column":23}},"loc":{"start":{"line":130,"column":23},"end":{"line":130,"column":43}},"line":130},"5":{"name":"(anonymous_5)","decl":{"start":{"line":130,"column":23},"end":{"line":130,"column":35}},"loc":{"start":{"line":130,"column":40},"end":{"line":130,"column":43}},"line":130},"6":{"name":"(anonymous_6)","decl":{"start":{"line":162,"column":27},"end":{"line":162,"column":32}},"loc":{"start":{"line":163,"column":16},"end":{"line":166,"column":null}},"line":163},"7":{"name":"(anonymous_7)","decl":{"start":{"line":173,"column":24},"end":{"line":173,"column":28}},"loc":{"start":{"line":174,"column":14},"end":{"line":179,"column":null}},"line":174}},"branchMap":{"0":{"loc":{"start":{"line":50,"column":4},"end":{"line":50,"column":null}},"type":"if","locations":[{"start":{"line":50,"column":4},"end":{"line":50,"column":null}},{"start":{},"end":{}}],"line":50},"1":{"loc":{"start":{"line":59,"column":17},"end":{"line":59,"column":null}},"type":"binary-expr","locations":[{"start":{"line":59,"column":17},"end":{"line":59,"column":34}},{"start":{"line":59,"column":34},"end":{"line":59,"column":null}}],"line":59},"2":{"loc":{"start":{"line":60,"column":16},"end":{"line":60,"column":null}},"type":"binary-expr","locations":[{"start":{"line":60,"column":16},"end":{"line":60,"column":41}},{"start":{"line":60,"column":41},"end":{"line":60,"column":null}}],"line":60},"3":{"loc":{"start":{"line":75,"column":7},"end":{"line":80,"column":null}},"type":"binary-expr","locations":[{"start":{"line":75,"column":7},"end":{"line":75,"column":null}},{"start":{"line":76,"column":8},"end":{"line":80,"column":null}}],"line":75},"4":{"loc":{"start":{"line":85,"column":7},"end":{"line":101,"column":null}},"type":"binary-expr","locations":[{"start":{"line":85,"column":7},"end":{"line":85,"column":null}},{"start":{"line":86,"column":8},"end":{"line":101,"column":null}}],"line":85},"5":{"loc":{"start":{"line":89,"column":12},"end":{"line":91,"column":null}},"type":"cond-expr","locations":[{"start":{"line":89,"column":48},"end":{"line":89,"column":null}},{"start":{"line":90,"column":16},"end":{"line":91,"column":null}}],"line":89},"6":{"loc":{"start":{"line":90,"column":16},"end":{"line":91,"column":null}},"type":"cond-expr","locations":[{"start":{"line":90,"column":52},"end":{"line":90,"column":null}},{"start":{"line":91,"column":16},"end":{"line":91,"column":null}}],"line":90},"7":{"loc":{"start":{"line":97,"column":12},"end":{"line":98,"column":null}},"type":"cond-expr","locations":[{"start":{"line":97,"column":45},"end":{"line":97,"column":null}},{"start":{"line":98,"column":12},"end":{"line":98,"column":null}}],"line":97},"8":{"loc":{"start":{"line":98,"column":12},"end":{"line":98,"column":null}},"type":"cond-expr","locations":[{"start":{"line":98,"column":45},"end":{"line":98,"column":65}},{"start":{"line":98,"column":65},"end":{"line":98,"column":null}}],"line":98},"9":{"loc":{"start":{"line":100,"column":13},"end":{"line":100,"column":null}},"type":"cond-expr","locations":[{"start":{"line":100,"column":46},"end":{"line":100,"column":52}},{"start":{"line":100,"column":52},"end":{"line":100,"column":null}}],"line":100},"10":{"loc":{"start":{"line":100,"column":52},"end":{"line":100,"column":null}},"type":"cond-expr","locations":[{"start":{"line":100,"column":85},"end":{"line":100,"column":91}},{"start":{"line":100,"column":91},"end":{"line":100,"column":null}}],"line":100},"11":{"loc":{"start":{"line":117,"column":2},"end":{"line":118,"column":null}},"type":"if","locations":[{"start":{"line":117,"column":2},"end":{"line":118,"column":null}},{"start":{},"end":{}}],"line":117},"12":{"loc":{"start":{"line":117,"column":6},"end":{"line":117,"column":26}},"type":"binary-expr","locations":[{"start":{"line":117,"column":6},"end":{"line":117,"column":19}},{"start":{"line":117,"column":19},"end":{"line":117,"column":26}}],"line":117},"13":{"loc":{"start":{"line":121,"column":2},"end":{"line":121,"column":null}},"type":"if","locations":[{"start":{"line":121,"column":2},"end":{"line":121,"column":null}},{"start":{},"end":{}}],"line":121},"14":{"loc":{"start":{"line":132,"column":10},"end":{"line":134,"column":null}},"type":"cond-expr","locations":[{"start":{"line":133,"column":14},"end":{"line":133,"column":null}},{"start":{"line":134,"column":14},"end":{"line":134,"column":null}}],"line":132},"15":{"loc":{"start":{"line":137,"column":9},"end":{"line":140,"column":null}},"type":"cond-expr","locations":[{"start":{"line":138,"column":10},"end":{"line":140,"column":11}},{"start":{"line":140,"column":10},"end":{"line":140,"column":null}}],"line":137},"16":{"loc":{"start":{"line":143,"column":47},"end":{"line":143,"column":null}},"type":"cond-expr","locations":[{"start":{"line":143,"column":59},"end":{"line":143,"column":79}},{"start":{"line":143,"column":79},"end":{"line":143,"column":null}}],"line":143},"17":{"loc":{"start":{"line":144,"column":13},"end":{"line":144,"column":null}},"type":"cond-expr","locations":[{"start":{"line":144,"column":25},"end":{"line":144,"column":99}},{"start":{"line":144,"column":99},"end":{"line":144,"column":null}}],"line":144},"18":{"loc":{"start":{"line":144,"column":61},"end":{"line":144,"column":99}},"type":"cond-expr","locations":[{"start":{"line":144,"column":86},"end":{"line":144,"column":92}},{"start":{"line":144,"column":92},"end":{"line":144,"column":99}}],"line":144},"19":{"loc":{"start":{"line":146,"column":11},"end":{"line":149,"column":null}},"type":"binary-expr","locations":[{"start":{"line":146,"column":11},"end":{"line":146,"column":null}},{"start":{"line":147,"column":12},"end":{"line":149,"column":null}}],"line":146},"20":{"loc":{"start":{"line":153,"column":9},"end":{"line":153,"column":null}},"type":"cond-expr","locations":[{"start":{"line":153,"column":20},"end":{"line":153,"column":73}},{"start":{"line":153,"column":72},"end":{"line":153,"column":null}}],"line":153},"21":{"loc":{"start":{"line":157,"column":7},"end":{"line":181,"column":null}},"type":"binary-expr","locations":[{"start":{"line":157,"column":7},"end":{"line":157,"column":null}},{"start":{"line":158,"column":8},"end":{"line":181,"column":null}}],"line":157},"22":{"loc":{"start":{"line":160,"column":11},"end":{"line":172,"column":11}},"type":"binary-expr","locations":[{"start":{"line":160,"column":11},"end":{"line":160,"column":null}},{"start":{"line":161,"column":12},"end":{"line":172,"column":11}}],"line":160}},"s":{"0":1,"1":1,"2":0,"3":0,"4":0,"5":0,"6":0,"7":0,"8":0,"9":0,"10":0,"11":0,"12":1,"13":1,"14":1,"15":0,"16":1,"17":0,"18":1,"19":0,"20":1,"21":1,"22":1,"23":0,"24":0,"25":0,"26":0},"f":{"0":0,"1":0,"2":1,"3":0,"4":0,"5":0,"6":0,"7":0},"b":{"0":[0,0],"1":[0,0],"2":[0,0],"3":[0,0],"4":[0,0],"5":[0,0],"6":[0,0],"7":[0,0],"8":[0,0],"9":[0,0],"10":[0,0],"11":[0,1],"12":[1,0],"13":[0,1],"14":[1,0],"15":[1,0],"16":[1,0],"17":[1,0],"18":[0,1],"19":[1,1],"20":[0,1],"21":[1,0],"22":[0,0]},"meta":{"lastBranch":23,"lastFunction":8,"lastStatement":27,"seen":{"s:34:96:38:Infinity":0,"s:40:45:45:Infinity":1,"f:47:9:47:23":0,"s:48:16:48:34":2,"s:49:2:50:Infinity":3,"b:50:4:50:Infinity:undefined:undefined:undefined:undefined":0,"s:50:4:50:Infinity":4,"s:50:29:50:Infinity":5,"s:52:2:52:Infinity":6,"f:56:9:56:18":1,"s:59:17:59:Infinity":7,"b:59:17:59:34:59:34:59:Infinity":1,"s:60:16:60:Infinity":8,"b:60:16:60:41:60:41:60:Infinity":2,"s:61:21:61:Infinity":9,"s:62:21:62:40":10,"s:64:2:101:Infinity":11,"b:75:7:75:Infinity:76:8:80:Infinity":3,"b:85:7:85:Infinity:86:8:101:Infinity":4,"b:89:48:89:Infinity:90:16:91:Infinity":5,"b:90:52:90:Infinity:91:16:91:Infinity":6,"b:97:45:97:Infinity:98:12:98:Infinity":7,"b:98:45:98:65:98:65:98:Infinity":8,"b:100:46:100:52:100:52:100:Infinity":9,"b:100:85:100:91:100:91:100:Infinity":10,"s:108:13:186:Infinity":12,"f:108:45:108:63":2,"s:109:19:109:49":13,"s:111:16:114:Infinity":14,"f:112:4:112:Infinity":3,"s:113:10:113:38":15,"b:117:2:118:Infinity:undefined:undefined:undefined:undefined":11,"s:117:2:118:Infinity":16,"b:117:6:117:19:117:19:117:26":12,"s:118:4:118:Infinity":17,"b:121:2:121:Infinity:undefined:undefined:undefined:undefined":13,"s:121:2:121:Infinity":18,"s:121:13:121:Infinity":19,"s:123:20:123:Infinity":20,"s:124:21:124:94":21,"s:126:2:181:Infinity":22,"f:130:8:130:23":4,"s:130:23:130:43":23,"f:130:23:130:35":5,"s:130:40:130:43":24,"b:133:14:133:Infinity:134:14:134:Infinity":14,"b:138:10:140:11:140:10:140:Infinity":15,"b:143:59:143:79:143:79:143:Infinity":16,"b:144:25:144:99:144:99:144:Infinity":17,"b:144:86:144:92:144:92:144:99":18,"b:146:11:146:Infinity:147:12:149:Infinity":19,"b:153:20:153:73:153:72:153:Infinity":20,"b:157:7:157:Infinity:158:8:181:Infinity":21,"b:160:11:160:Infinity:161:12:172:11":22,"f:162:27:162:32":6,"s:163:16:166:Infinity":25,"f:173:24:173:28":7,"s:174:14:179:Infinity":26}}}
[...]
,"C:\\quant_sentinel\\frontend\\src\\hooks\\useFullscreen.ts": {"path":"C:\\quant_sentinel\\frontend\\src\\hooks\\useFullscreen.ts","statementMap":{"0":{"start":{"line":8,"column":23},"end":{"line":8,"column":57}},"1":{"start":{"line":10,"column":2},"end":{"line":14,"column":null}},"2":{"start":{"line":11,"column":10},"end":{"line":11,"column":71}},"3":{"start":{"line":11,"column":26},"end":{"line":11,"column":71}},"4":{"start":{"line":12,"column":4},"end":{"line":12,"column":null}},"5":{"start":{"line":13,"column":4},"end":{"line":13,"column":null}},"6":{"start":{"line":13,"column":17},"end":{"line":13,"column":74}},"7":{"start":{"line":16,"column":8},"end":{"line":23,"column":11}},"8":{"start":{"line":17,"column":4},"end":{"line":17,"column":null}},"9":{"start":{"line":17,"column":22},"end":{"line":17,"column":null}},"10":{"start":{"line":18,"column":4},"end":{"line":21,"column":null}},"11":{"start":{"line":19,"column":6},"end":{"line":19,"column":null}},"12":{"start":{"line":21,"column":6},"end":{"line":21,"column":null}},"13":{"start":{"line":25,"column":2},"end":{"line":25,"column":null}}},"fnMap":{"0":{"name":"useFullscreen","decl":{"start":{"line":7,"column":16},"end":{"line":7,"column":30}},"loc":{"start":{"line":7,"column":66},"end":{"line":25,"column":null}},"line":7},"1":{"name":"(anonymous_1)","decl":{"start":{"line":10,"column":2},"end":{"line":10,"column":18}},"loc":{"start":{"line":10,"column":18},"end":{"line":14,"column":7}},"line":10},"2":{"name":"(anonymous_2)","decl":{"start":{"line":11,"column":10},"end":{"line":11,"column":26}},"loc":{"start":{"line":11,"column":26},"end":{"line":11,"column":71}},"line":11},"3":{"name":"(anonymous_3)","decl":{"start":{"line":13,"column":4},"end":{"line":13,"column":17}},"loc":{"start":{"line":13,"column":17},"end":{"line":13,"column":74}},"line":13},"4":{"name":"(anonymous_4)","decl":{"start":{"line":16,"column":17},"end":{"line":16,"column":35}},"loc":{"start":{"line":16,"column":35},"end":{"line":23,"column":6}},"line":16}},"branchMap":{"0":{"loc":{"start":{"line":17,"column":4},"end":{"line":17,"column":null}},"type":"if","locations":[{"start":{"line":17,"column":4},"end":{"line":17,"column":null}},{"start":{},"end":{}}],"line":17},"1":{"loc":{"start":{"line":18,"column":4},"end":{"line":21,"column":null}},"type":"if","locations":[{"start":{"line":18,"column":4},"end":{"line":21,"column":null}},{"start":{"line":20,"column":11},"end":{"line":21,"column":null}}],"line":18}},"s":{"0":3,"1":3,"2":3,"3":0,"4":3,"5":3,"6":3,"7":3,"8":2,"9":1,"10":1,"11":0,"12":1,"13":3},"f":{"0":3,"1":3,"2":0,"3":3,"4":2},"b":{"0":[1,1],"1":[0,1]},"meta":{"lastBranch":2,"lastFunction":5,"lastStatement":14,"seen":{"f:7:16:7:30":0,"s:8:23:8:57":0,"s:10:2:14:Infinity":1,"f:10:2:10:18":1,"s:11:10:11:71":2,"f:11:10:11:26":2,"s:11:26:11:71":3,"s:12:4:12:Infinity":4,"s:13:4:13:Infinity":5,"f:13:4:13:17":3,"s:13:17:13:74":6,"s:16:8:23:11":7,"f:16:17:16:35":4,"b:17:4:17:Infinity:undefined:undefined:undefined:undefined":0,"s:17:4:17:Infinity":8,"s:17:22:17:Infinity":9,"b:18:4:21:Infinity:20:11:21:Infinity":1,"s:18:4:21:Infinity":10,"s:19:6:19:Infinity":11,"s:21:6:21:Infinity":12,"s:25:2:25:Infinity":13}}}
,"C:\\quant_sentinel\\frontend\\src\\hooks\\useKeyboardShortcuts.ts": {"path":"C:\\quant_sentinel\\frontend\\src\\hooks\\useKeyboardShortcuts.ts","statementMap":{"0":{"start":{"line":28,"column":45},"end":{"line":33,"column":null}},"1":{"start":{"line":36,"column":8},"end":{"line":83,"column":16}},"2":{"start":{"line":38,"column":19},"end":{"line":38,"column":null}},"3":{"start":{"line":39,"column":4},"end":{"line":40,"column":null}},"4":{"start":{"line":40,"column":6},"end":{"line":40,"column":null}},"5":{"start":{"line":44,"column":4},"end":{"line":44,"column":null}},"6":{"start":{"line":44,"column":44},"end":{"line":44,"column":null}},"7":{"start":{"line":46,"column":16},"end":{"line":46,"column":null}},"8":{"start":{"line":48,"column":4},"end":{"line":81,"column":null}},"9":{"start":{"line":51,"column":8},"end":{"line":51,"column":null}},"10":{"start":{"line":52,"column":8},"end":{"line":52,"column":null}},"11":{"start":{"line":53,"column":8},"end":{"line":53,"column":null}},"12":{"start":{"line":58,"column":8},"end":{"line":58,"column":null}},"13":{"start":{"line":59,"column":8},"end":{"line":59,"column":null}},"14":{"start":{"line":60,"column":8},"end":{"line":60,"column":null}},"15":{"start":{"line":63,"column":8},"end":{"line":63,"column":null}},"16":{"start":{"line":64,"column":8},"end":{"line":64,"column":null}},"17":{"start":{"line":65,"column":8},"end":{"line":65,"column":null}},"18":{"start":{"line":67,"column":8},"end":{"line":67,"column":null}},"19":{"start":{"line":68,"column":8},"end":{"line":68,"column":null}},"20":{"start":{"line":70,"column":8},"end":{"line":70,"column":null}},"21":{"start":{"line":71,"column":8},"end":{"line":71,"column":null}},"22":{"start":{"line":72,"column":8},"end":{"line":72,"column":null}},"23":{"start":{"line":75,"column":8},"end":{"line":75,"column":null}},"24":{"start":{"line":76,"column":8},"end":{"line":76,"column":null}},"25":{"start":{"line":77,"column":8},"end":{"line":77,"column":null}},"26":{"start":{"line":79,"column":8},"end":{"line":79,"column":null}},"27":{"start":{"line":80,"column":8},"end":{"line":80,"column":null}},"28":{"start":{"line":81,"column":8},"end":{"line":81,"column":null}},"29":{"start":{"line":85,"column":2},"end":{"line":88,"column":null}},"30":{"start":{"line":86,"column":4},"end":{"line":86,"column":null}},"31":{"start":{"line":87,"column":4},"end":{"line":87,"column":null}},"32":{"start":{"line":87,"column":17},"end":{"line":87,"column":69}},"33":{"start":{"line":91,"column":29},"end":{"line":100,"column":null}}},"fnMap":{"0":{"name":"useKeyboardShortcuts","decl":{"start":{"line":35,"column":16},"end":{"line":35,"column":37}},"loc":{"start":{"line":35,"column":65},"end":{"line":88,"column":null}},"line":35},"1":{"name":"(anonymous_1)","decl":{"start":{"line":36,"column":24},"end":{"line":36,"column":37}},"loc":{"start":{"line":36,"column":58},"end":{"line":83,"column":6}},"line":36},"2":{"name":"(anonymous_2)","decl":{"start":{"line":85,"column":2},"end":{"line":85,"column":18}},"loc":{"start":{"line":85,"column":18},"end":{"line":88,"column":6}},"line":85},"3":{"name":"(anonymous_3)","decl":{"start":{"line":87,"column":4},"end":{"line":87,"column":17}},"loc":{"start":{"line":87,"column":17},"end":{"line":87,"column":69}},"line":87}},"branchMap":{"0":{"loc":{"start":{"line":39,"column":4},"end":{"line":40,"column":null}},"type":"if","locations":[{"start":{"line":39,"column":4},"end":{"line":40,"column":null}},{"start":{},"end":{}}],"line":39},"1":{"loc":{"start":{"line":39,"column":8},"end":{"line":39,"column":128}},"type":"binary-expr","locations":[{"start":{"line":39,"column":8},"end":{"line":39,"column":38}},{"start":{"line":39,"column":38},"end":{"line":39,"column":71}},{"start":{"line":39,"column":71},"end":{"line":39,"column":102}},{"start":{"line":39,"column":102},"end":{"line":39,"column":128}}],"line":39},"2":{"loc":{"start":{"line":44,"column":4},"end":{"line":44,"column":null}},"type":"if","locations":[{"start":{"line":44,"column":4},"end":{"line":44,"column":null}},{"start":{},"end":{}}],"line":44},"3":{"loc":{"start":{"line":44,"column":8},"end":{"line":44,"column":44}},"type":"binary-expr","locations":[{"start":{"line":44,"column":8},"end":{"line":44,"column":21}},{"start":{"line":44,"column":21},"end":{"line":44,"column":34}},{"start":{"line":44,"column":34},"end":{"line":44,"column":44}}],"line":44},"4":{"loc":{"start":{"line":48,"column":4},"end":{"line":81,"column":null}},"type":"switch","locations":[{"start":{"line":49,"column":6},"end":{"line":49,"column":null}},{"start":{"line":50,"column":6},"end":{"line":53,"column":null}},{"start":{"line":54,"column":6},"end":{"line":54,"column":null}},{"start":{"line":55,"column":6},"end":{"line":55,"column":null}},{"start":{"line":56,"column":6},"end":{"line":56,"column":null}},{"start":{"line":57,"column":6},"end":{"line":60,"column":null}},{"start":{"line":61,"column":6},"end":{"line":61,"column":null}},{"start":{"line":62,"column":6},"end":{"line":65,"column":null}},{"start":{"line":66,"column":6},"end":{"line":68,"column":null}},{"start":{"line":69,"column":6},"end":{"line":72,"column":null}},{"start":{"line":73,"column":6},"end":{"line":73,"column":null}},{"start":{"line":74,"column":6},"end":{"line":77,"column":null}},{"start":{"line":78,"column":6},"end":{"line":81,"column":null}}],"line":48}},"s":{"0":1,"1":0,"2":0,"3":0,"4":0,"5":0,"6":0,"7":0,"8":0,"9":0,"10":0,"11":0,"12":0,"13":0,"14":0,"15":0,"16":0,"17":0,"18":0,"19":0,"20":0,"21":0,"22":0,"23":0,"24":0,"25":0,"26":0,"27":0,"28":0,"29":0,"30":0,"31":0,"32":0,"33":1},"f":{"0":0,"1":0,"2":0,"3":0},"b":{"0":[0,0],"1":[0,0,0,0],"2":[0,0],"3":[0,0,0],"4":[0,0,0,0,0,0,0,0,0,0,0,0,0]},"meta":{"lastBranch":5,"lastFunction":4,"lastStatement":34,"seen":{"s:28:45:33:Infinity":0,"f:35:16:35:37":0,"s:36:8:83:16":1,"f:36:24:36:37":1,"s:38:19:38:Infinity":2,"b:39:4:40:Infinity:undefined:undefined:undefined:undefined":0,"s:39:4:40:Infinity":3,"b:39:8:39:38:39:38:39:71:39:71:39:102:39:102:39:128":1,"s:40:6:40:Infinity":4,"b:44:4:44:Infinity:undefined:undefined:undefined:undefined":2,"s:44:4:44:Infinity":5,"b:44:8:44:21:44:21:44:34:44:34:44:44":3,"s:44:44:44:Infinity":6,"s:46:16:46:Infinity":7,"b:49:6:49:Infinity:50:6:53:Infinity:54:6:54:Infinity:55:6:55:Infinity:56:6:56:Infinity:57:6:60:Infinity:61:6:61:Infinity:62:6:65:Infinity:66:6:68:Infinity:69:6:72:Infinity:73:6:73:Infinity:74:6:77:Infinity:78:6:81:Infinity":4,"s:48:4:81:Infinity":8,"s:51:8:51:Infinity":9,"s:52:8:52:Infinity":10,"s:53:8:53:Infinity":11,"s:58:8:58:Infinity":12,"s:59:8:59:Infinity":13,"s:60:8:60:Infinity":14,"s:63:8:63:Infinity":15,"s:64:8:64:Infinity":16,"s:65:8:65:Infinity":17,"s:67:8:67:Infinity":18,"s:68:8:68:Infinity":19,"s:70:8:70:Infinity":20,"s:71:8:71:Infinity":21,"s:72:8:72:Infinity":22,"s:75:8:75:Infinity":23,"s:76:8:76:Infinity":24,"s:77:8:77:Infinity":25,"s:79:8:79:Infinity":26,"s:80:8:80:Infinity":27,"s:81:8:81:Infinity":28,"s:85:2:88:Infinity":29,"f:85:2:85:18":2,"s:86:4:86:Infinity":30,"s:87:4:87:Infinity":31,"f:87:4:87:17":3,"s:87:17:87:69":32,"s:91:29:100:Infinity":33}}}
,"C:\\quant_sentinel\\frontend\\src\\hooks\\useTheme.ts": {"path":"C:\\quant_sentinel\\frontend\\src\\hooks\\useTheme.ts","statementMap":{"0":{"start":{"line":13,"column":20},"end":{"line":13,"column":null}},"1":{"start":{"line":16,"column":17},"end":{"line":16,"column":50}},"2":{"start":{"line":17,"column":2},"end":{"line":17,"column":null}},"3":{"start":{"line":17,"column":47},"end":{"line":17,"column":null}},"4":{"start":{"line":18,"column":2},"end":{"line":18,"column":null}},"5":{"start":{"line":22,"column":16},"end":{"line":22,"column":65}},"6":{"start":{"line":24,"column":2},"end":{"line":32,"column":null}},"7":{"start":{"line":25,"column":17},"end":{"line":25,"column":null}},"8":{"start":{"line":26,"column":4},"end":{"line":29,"column":null}},"9":{"start":{"line":27,"column":6},"end":{"line":27,"column":null}},"10":{"start":{"line":29,"column":6},"end":{"line":29,"column":null}},"11":{"start":{"line":31,"column":4},"end":{"line":31,"column":null}},"12":{"start":{"line":34,"column":8},"end":{"line":41,"column":8}},"13":{"start":{"line":35,"column":17},"end":{"line":35,"column":null}},"14":{"start":{"line":37,"column":4},"end":{"line":37,"column":null}},"15":{"start":{"line":38,"column":4},"end":{"line":38,"column":null}},"16":{"start":{"line":38,"column":26},"end":{"line":38,"column":61}},"17":{"start":{"line":40,"column":4},"end":{"line":40,"column":null}},"18":{"start":{"line":40,"column":21},"end":{"line":40,"column":59}},"19":{"start":{"line":43,"column":2},"end":{"line":43,"column":null}}},"fnMap":{"0":{"name":"getInitialTheme","decl":{"start":{"line":15,"column":9},"end":{"line":15,"column":34}},"loc":{"start":{"line":15,"column":34},"end":{"line":18,"column":null}},"line":15},"1":{"name":"useTheme","decl":{"start":{"line":21,"column":16},"end":{"line":21,"column":27}},"loc":{"start":{"line":21,"column":27},"end":{"line":43,"column":null}},"line":21},"2":{"name":"(anonymous_2)","decl":{"start":{"line":24,"column":2},"end":{"line":24,"column":18}},"loc":{"start":{"line":24,"column":18},"end":{"line":32,"column":6}},"line":24},"3":{"name":"(anonymous_3)","decl":{"start":{"line":34,"column":17},"end":{"line":34,"column":35}},"loc":{"start":{"line":34,"column":35},"end":{"line":41,"column":7}},"line":34},"4":{"name":"(anonymous_4)","decl":{"start":{"line":38,"column":4},"end":{"line":38,"column":18}},"loc":{"start":{"line":38,"column":26},"end":{"line":38,"column":61}},"line":38},"5":{"name":"(anonymous_5)","decl":{"start":{"line":40,"column":4},"end":{"line":40,"column":21}},"loc":{"start":{"line":40,"column":21},"end":{"line":40,"column":59}},"line":40}},"branchMap":{"0":{"loc":{"start":{"line":17,"column":2},"end":{"line":17,"column":null}},"type":"if","locations":[{"start":{"line":17,"column":2},"end":{"line":17,"column":null}},{"start":{},"end":{}}],"line":17},"1":{"loc":{"start":{"line":17,"column":6},"end":{"line":17,"column":47}},"type":"binary-expr","locations":[{"start":{"line":17,"column":6},"end":{"line":17,"column":28}},{"start":{"line":17,"column":28},"end":{"line":17,"column":47}}],"line":17},"2":{"loc":{"start":{"line":26,"column":4},"end":{"line":29,"column":null}},"type":"if","locations":[{"start":{"line":26,"column":4},"end":{"line":29,"column":null}},{"start":{"line":28,"column":11},"end":{"line":29,"column":null}}],"line":26},"3":{"loc":{"start":{"line":38,"column":26},"end":{"line":38,"column":61}},"type":"cond-expr","locations":[{"start":{"line":38,"column":44},"end":{"line":38,"column":54}},{"start":{"line":38,"column":54},"end":{"line":38,"column":61}}],"line":38}},"s":{"0":1,"1":3,"2":3,"3":0,"4":3,"5":5,"6":5,"7":5,"8":5,"9":2,"10":3,"11":5,"12":5,"13":2,"14":2,"15":2,"16":2,"17":2,"18":0,"19":5},"f":{"0":3,"1":5,"2":5,"3":2,"4":2,"5":0},"b":{"0":[0,3],"1":[3,3],"2":[2,3],"3":[2,0]},"meta":{"lastBranch":4,"lastFunction":6,"lastStatement":20,"seen":{"s:13:20:13:Infinity":0,"f:15:9:15:34":0,"s:16:17:16:50":1,"b:17:2:17:Infinity:undefined:undefined:undefined:undefined":0,"s:17:2:17:Infinity":2,"b:17:6:17:28:17:28:17:47":1,"s:17:47:17:Infinity":3,"s:18:2:18:Infinity":4,"f:21:16:21:27":1,"s:22:16:22:65":5,"s:24:2:32:Infinity":6,"f:24:2:24:18":2,"s:25:17:25:Infinity":7,"b:26:4:29:Infinity:28:11:29:Infinity":2,"s:26:4:29:Infinity":8,"s:27:6:27:Infinity":9,"s:29:6:29:Infinity":10,"s:31:4:31:Infinity":11,"s:34:8:41:8":12,"f:34:17:34:35":3,"s:35:17:35:Infinity":13,"s:37:4:37:Infinity":14,"s:38:4:38:Infinity":15,"f:38:4:38:18":4,"s:38:26:38:61":16,"b:38:44:38:54:38:54:38:61":3,"s:40:4:40:Infinity":17,"f:40:4:40:21":5,"s:40:21:40:59":18,"s:43:2:43:Infinity":19}}}
,"C:\\quant_sentinel\\frontend\\src\\store\\tradingStore.ts": {"path":"C:\\quant_sentinel\\frontend\\src\\store\\tradingStore.ts","statementMap":{"0":{"start":{"line":42,"column":13},"end":{"line":88,"column":null}},"1":{"start":{"line":44,"column":14},"end":{"line":76,"column":null}},"2":{"start":{"line":47,"column":29},"end":{"line":47,"column":44}},"3":{"start":{"line":51,"column":36},"end":{"line":51,"column":66}},"4":{"start":{"line":55,"column":35},"end":{"line":55,"column":53}},"5":{"start":{"line":59,"column":33},"end":{"line":59,"column":60}},"6":{"start":{"line":63,"column":41},"end":{"line":63,"column":76}},"7":{"start":{"line":67,"column":38},"end":{"line":67,"column":70}},"8":{"start":{"line":72,"column":8},"end":{"line":74,"column":11}},"9":{"start":{"line":72,"column":24},"end":{"line":73,"column":null}},"10":{"start":{"line":75,"column":31},"end":{"line":75,"column":null}},"11":{"start":{"line":79,"column":39},"end":{"line":79,"column":54}},"12":{"start":{"line":81,"column":30},"end":{"line":86,"column":null}}},"fnMap":{"0":{"name":"(anonymous_0)","decl":{"start":{"line":43,"column":2},"end":{"line":43,"column":null}},"loc":{"start":{"line":44,"column":14},"end":{"line":76,"column":null}},"line":44},"1":{"name":"(anonymous_1)","decl":{"start":{"line":47,"column":6},"end":{"line":47,"column":18}},"loc":{"start":{"line":47,"column":29},"end":{"line":47,"column":44}},"line":47},"2":{"name":"(anonymous_2)","decl":{"start":{"line":51,"column":6},"end":{"line":51,"column":25}},"loc":{"start":{"line":51,"column":36},"end":{"line":51,"column":66}},"line":51},"3":{"name":"(anonymous_3)","decl":{"start":{"line":55,"column":6},"end":{"line":55,"column":21}},"loc":{"start":{"line":55,"column":35},"end":{"line":55,"column":53}},"line":55},"4":{"name":"(anonymous_4)","decl":{"start":{"line":59,"column":6},"end":{"line":59,"column":23}},"loc":{"start":{"line":59,"column":33},"end":{"line":59,"column":60}},"line":59},"5":{"name":"(anonymous_5)","decl":{"start":{"line":63,"column":6},"end":{"line":63,"column":28}},"loc":{"start":{"line":63,"column":41},"end":{"line":63,"column":76}},"line":63},"6":{"name":"(anonymous_6)","decl":{"start":{"line":67,"column":6},"end":{"line":67,"column":24}},"loc":{"start":{"line":67,"column":38},"end":{"line":67,"column":70}},"line":67},"7":{"name":"(anonymous_7)","decl":{"start":{"line":71,"column":6},"end":{"line":71,"column":24}},"loc":{"start":{"line":72,"column":8},"end":{"line":74,"column":11}},"line":72},"8":{"name":"(anonymous_8)","decl":{"start":{"line":72,"column":8},"end":{"line":72,"column":13}},"loc":{"start":{"line":72,"column":24},"end":{"line":73,"column":null}},"line":72},"9":{"name":"(anonymous_9)","decl":{"start":{"line":75,"column":6},"end":{"line":75,"column":31}},"loc":{"start":{"line":75,"column":31},"end":{"line":75,"column":null}},"line":75},"10":{"name":"(anonymous_10)","decl":{"start":{"line":79,"column":15},"end":{"line":79,"column":39}},"loc":{"start":{"line":79,"column":39},"end":{"line":79,"column":54}},"line":79},"11":{"name":"(anonymous_11)","decl":{"start":{"line":81,"column":6},"end":{"line":81,"column":19}},"loc":{"start":{"line":81,"column":30},"end":{"line":86,"column":null}},"line":81}},"branchMap":{},"s":{"0":1,"1":1,"2":1,"3":0,"4":1,"5":0,"6":1,"7":1,"8":211,"9":211,"10":1,"11":1,"12":223},"f":{"0":1,"1":1,"2":0,"3":1,"4":0,"5":1,"6":1,"7":211,"8":211,"9":1,"10":1,"11":223},"b":{},"meta":{"lastBranch":0,"lastFunction":12,"lastStatement":13,"seen":{"s:42:13:88:Infinity":0,"f:43:2:43:Infinity":0,"s:44:14:76:Infinity":1,"f:47:6:47:18":1,"s:47:29:47:44":2,"f:51:6:51:25":2,"s:51:36:51:66":3,"f:55:6:55:21":3,"s:55:35:55:53":4,"f:59:6:59:23":4,"s:59:33:59:60":5,"f:63:6:63:28":5,"s:63:41:63:76":6,"f:67:6:67:24":6,"s:67:38:67:70":7,"f:71:6:71:24":7,"s:72:8:74:11":8,"f:72:8:72:13":8,"s:72:24:73:Infinity":9,"f:75:6:75:31":9,"s:75:31:75:Infinity":10,"f:79:15:79:39":10,"s:79:39:79:54":11,"f:81:6:81:19":11,"s:81:30:86:Infinity":12}}}
,"C:\\quant_sentinel\\frontend\\src\\test\\wrapper.tsx": {"path":"C:\\quant_sentinel\\frontend\\src\\test\\wrapper.tsx","statementMap":{"0":{"start":{"line":9,"column":20},"end":{"line":13,"column":2}},"1":{"start":{"line":16,"column":2},"end":{"line":23,"column":null}}},"fnMap":{"0":{"name":"TestWrapper","decl":{"start":{"line":15,"column":16},"end":{"line":15,"column":28}},"loc":{"start":{"line":15,"column":67},"end":{"line":23,"column":null}},"line":15}},"branchMap":{},"s":{"0":4,"1":12},"f":{"0":12},"b":{},"meta":{"lastBranch":0,"lastFunction":1,"lastStatement":2,"seen":{"s:9:20:13:2":0,"f:15:16:15:28":0,"s:16:2:23:Infinity":1}}}
}
